{
  "stats": {
    "suites": 26,
    "tests": 64,
    "passes": 25,
    "pending": 0,
    "failures": 13,
    "start": "2022-11-29T20:49:47.794Z",
    "end": "2022-12-03T13:26:08.467Z",
    "duration": 91653,
    "testsRegistered": 64,
    "passPercent": 39.0625,
    "pendingPercent": 0,
    "other": 0,
    "hasOther": false,
    "skipped": 26,
    "hasSkipped": true
  },
  "results": [
    {
      "uuid": "6d6751a3-cca4-4074-a434-6f44f9b401e4",
      "title": "",
      "fullFile": "cypress\\test-files\\login.cy.js",
      "file": "cypress\\test-files\\login.cy.js",
      "beforeHooks": [],
      "afterHooks": [],
      "tests": [],
      "suites": [
        {
          "uuid": "fc4f20b9-ff01-4519-8938-5cd538e818ba",
          "title": "loginPage",
          "fullFile": "",
          "file": "",
          "beforeHooks": [],
          "afterHooks": [],
          "tests": [
            {
              "title": "should login with a valid user",
              "fullTitle": "loginPage should login with a valid user",
              "timedOut": null,
              "duration": 1591,
              "state": "passed",
              "speed": "fast",
              "pass": true,
              "fail": false,
              "pending": false,
              "context": null,
              "code": "_login.default.login('standard_user', 'secret_sauce');\ncy.get(_login.default.inventoryList).should('be.visible');",
              "err": {},
              "uuid": "d60d16c2-5230-4088-8808-4804bb4bcfa8",
              "parentUUID": "fc4f20b9-ff01-4519-8938-5cd538e818ba",
              "isHook": false,
              "skipped": false
            },
            {
              "title": "should not login with an invalid user",
              "fullTitle": "loginPage should not login with an invalid user",
              "timedOut": null,
              "duration": 1148,
              "state": "passed",
              "speed": "fast",
              "pass": true,
              "fail": false,
              "pending": false,
              "context": null,
              "code": "_login.default.login('locked_out_user', 'secret_sauce'); // cy.get(loginPage.inventoryList).should('be.visible')",
              "err": {},
              "uuid": "88a2ceb7-053d-4947-be8f-4615c3707e73",
              "parentUUID": "fc4f20b9-ff01-4519-8938-5cd538e818ba",
              "isHook": false,
              "skipped": false
            },
            {
              "title": "should not login with an incorrect password",
              "fullTitle": "loginPage should not login with an incorrect password",
              "timedOut": null,
              "duration": 1019,
              "state": "passed",
              "speed": "fast",
              "pass": true,
              "fail": false,
              "pending": false,
              "context": null,
              "code": "_login.default.login('locked_out_user', '$ecret$auce'); // cy.get(loginPage.inventoryList).should('be.visible')",
              "err": {},
              "uuid": "4fd8cd1f-19eb-4264-a6eb-1c18a1a6e8b4",
              "parentUUID": "fc4f20b9-ff01-4519-8938-5cd538e818ba",
              "isHook": false,
              "skipped": false
            }
          ],
          "suites": [],
          "passes": [
            "d60d16c2-5230-4088-8808-4804bb4bcfa8",
            "88a2ceb7-053d-4947-be8f-4615c3707e73",
            "4fd8cd1f-19eb-4264-a6eb-1c18a1a6e8b4"
          ],
          "failures": [],
          "pending": [],
          "skipped": [],
          "duration": 3758,
          "root": false,
          "rootEmpty": false,
          "_timeout": 2000
        }
      ],
      "passes": [],
      "failures": [],
      "pending": [],
      "skipped": [],
      "duration": 0,
      "root": true,
      "rootEmpty": true,
      "_timeout": 2000
    },
    {
      "uuid": "74eaa69c-71c6-47b9-b97e-0646e713b09d",
      "title": "",
      "fullFile": "cypress\\test-files\\login.cy.js",
      "file": "cypress\\test-files\\login.cy.js",
      "beforeHooks": [],
      "afterHooks": [],
      "tests": [],
      "suites": [
        {
          "uuid": "1f3a452d-46c5-4e42-8555-d63dbc55c50c",
          "title": "loginPage",
          "fullFile": "",
          "file": "",
          "beforeHooks": [],
          "afterHooks": [],
          "tests": [
            {
              "title": "should login with a valid user",
              "fullTitle": "loginPage should login with a valid user",
              "timedOut": null,
              "duration": 2679,
              "state": "passed",
              "speed": "fast",
              "pass": true,
              "fail": false,
              "pending": false,
              "context": null,
              "code": "_login.default.login('standard_user', 'secret_sauce');\ncy.get(_login.default.inventoryList).should('be.visible');",
              "err": {},
              "uuid": "62966808-a5cb-4a25-85a4-4ee0d81e54bc",
              "parentUUID": "1f3a452d-46c5-4e42-8555-d63dbc55c50c",
              "isHook": false,
              "skipped": false
            },
            {
              "title": "should not login with an invalid user",
              "fullTitle": "loginPage should not login with an invalid user",
              "timedOut": null,
              "duration": 5468,
              "state": "failed",
              "speed": null,
              "pass": false,
              "fail": true,
              "pending": false,
              "context": null,
              "code": "_login.default.login('locked_out_user', 'secret_sauce');\ncy.get(_login.default.inventoryList).should('not.be.visible');",
              "err": {
                "message": "AssertionError: Timed out retrying after 4000ms: Expected to find element: `#inventory_container`, but never found it.",
                "estack": "AssertionError: Timed out retrying after 4000ms: Expected to find element: `#inventory_container`, but never found it.\n    at Context.eval (webpack:///./cypress/test-files/login.cy.js:17:40)",
                "diff": null
              },
              "uuid": "837e92c0-b90c-41af-bb2e-013d8d3ef77f",
              "parentUUID": "1f3a452d-46c5-4e42-8555-d63dbc55c50c",
              "isHook": false,
              "skipped": false
            },
            {
              "title": "should not login with an incorrect password",
              "fullTitle": "loginPage should not login with an incorrect password",
              "timedOut": null,
              "duration": 419,
              "state": "failed",
              "speed": null,
              "pass": false,
              "fail": true,
              "pending": false,
              "context": null,
              "code": "_login.default.login('locked_out_user', '$ecret$auce'); // cy.get(loginPage.inventoryList).should('be.visible')",
              "err": {
                "message": "TypeError: Cannot set property message of  which has only a getter\n\nBecause this error occurred during a `before each` hook we are skipping the remaining tests in the current suite: `loginPage`",
                "estack": "TypeError: Cannot set property message of  which has only a getter\n\nBecause this error occurred during a `before each` hook we are skipping the remaining tests in the current suite: `loginPage`\n    at modifyErrMsg (https://www.saucedemo.com/__cypress/runner/cypress_runner.js:161203:15)\n    at Object.appendErrMsg (https://www.saucedemo.com/__cypress/runner/cypress_runner.js:161209:10)\n    at Runner.<anonymous> (https://www.saucedemo.com/__cypress/runner/cypress_runner.js:164913:76)\n    at Runner.emit (https://www.saucedemo.com/__cypress/runner/cypress_runner.js:20883:7)\n    at ../driver/node_modules/mocha/lib/runner.js.Runner.fail (https://www.saucedemo.com/__cypress/runner/cypress_runner.js:108427:8)\n    at Runner.fail (https://www.saucedemo.com/__cypress/runner/cypress_runner.js:163086:25)\n    at ../driver/node_modules/mocha/lib/runner.js.Runner.failHook (https://www.saucedemo.com/__cypress/runner/cypress_runner.js:108465:8)\n    at Hook.<anonymous> (https://www.saucedemo.com/__cypress/runner/cypress_runner.js:108539:14)\n    at next (https://www.saucedemo.com/__cypress/runner/cypress_runner.js:165349:24)\n    at https://www.saucedemo.com/__cypress/runner/cypress_runner.js:165378:13\n    at tryCatcher (https://www.saucedemo.com/__cypress/runner/cypress_runner.js:11327:23)\n    at Promise._settlePromiseFromHandler (https://www.saucedemo.com/__cypress/runner/cypress_runner.js:9262:31)\n    at Promise._settlePromise (https://www.saucedemo.com/__cypress/runner/cypress_runner.js:9319:18)\n    at Promise._settlePromise0 (https://www.saucedemo.com/__cypress/runner/cypress_runner.js:9364:10)\n    at Promise._settlePromises (https://www.saucedemo.com/__cypress/runner/cypress_runner.js:9444:18)\n    at Promise._fulfill (https://www.saucedemo.com/__cypress/runner/cypress_runner.js:9388:18)\n    at Promise._resolveCallback (https://www.saucedemo.com/__cypress/runner/cypress_runner.js:9182:57)\n    at Promise._settlePromiseFromHandler (https://www.saucedemo.com/__cypress/runner/cypress_runner.js:9274:17)\n    at Promise._settlePromise (https://www.saucedemo.com/__cypress/runner/cypress_runner.js:9319:18)\n    at Promise._settlePromise0 (https://www.saucedemo.com/__cypress/runner/cypress_runner.js:9364:10)\n    at Promise._settlePromises (https://www.saucedemo.com/__cypress/runner/cypress_runner.js:9444:18)\n    at Promise._fulfill (https://www.saucedemo.com/__cypress/runner/cypress_runner.js:9388:18)",
                "diff": null
              },
              "uuid": "1103ed4b-7476-418c-b8de-8c531fba87e7",
              "parentUUID": "1f3a452d-46c5-4e42-8555-d63dbc55c50c",
              "isHook": false,
              "skipped": false
            }
          ],
          "suites": [],
          "passes": [
            "62966808-a5cb-4a25-85a4-4ee0d81e54bc"
          ],
          "failures": [
            "837e92c0-b90c-41af-bb2e-013d8d3ef77f",
            "1103ed4b-7476-418c-b8de-8c531fba87e7"
          ],
          "pending": [],
          "skipped": [],
          "duration": 8566,
          "root": false,
          "rootEmpty": false,
          "_timeout": 2000
        }
      ],
      "passes": [],
      "failures": [],
      "pending": [],
      "skipped": [],
      "duration": 0,
      "root": true,
      "rootEmpty": true,
      "_timeout": 2000
    },
    {
      "uuid": "de1708ec-758d-41fb-b658-06b969bdcaed",
      "title": "",
      "fullFile": "cypress\\test-files\\login.cy.js",
      "file": "cypress\\test-files\\login.cy.js",
      "beforeHooks": [],
      "afterHooks": [],
      "tests": [],
      "suites": [
        {
          "uuid": "96d9e47a-eaf7-4ef2-8746-d663d2ee66ef",
          "title": "loginPage",
          "fullFile": "",
          "file": "",
          "beforeHooks": [],
          "afterHooks": [],
          "tests": [
            {
              "title": "should login with a valid user",
              "fullTitle": "loginPage should login with a valid user",
              "timedOut": null,
              "duration": 2802,
              "state": "passed",
              "speed": "fast",
              "pass": true,
              "fail": false,
              "pending": false,
              "context": null,
              "code": "_login.default.login('standard_user', 'secret_sauce');\ncy.get(_login.default.inventoryList).should('be.visible');",
              "err": {},
              "uuid": "1a18affb-60a2-4467-a1d2-d51abbc20d3d",
              "parentUUID": "96d9e47a-eaf7-4ef2-8746-d663d2ee66ef",
              "isHook": false,
              "skipped": false
            },
            {
              "title": "should not login with an invalid user",
              "fullTitle": "loginPage should not login with an invalid user",
              "timedOut": null,
              "duration": 5611,
              "state": "failed",
              "speed": null,
              "pass": false,
              "fail": true,
              "pending": false,
              "context": null,
              "code": "_login.default.login('locked_out_user', 'secret_sauce');\ncy.get(_login.default.inventoryList).should('be.visible');",
              "err": {
                "message": "AssertionError: Timed out retrying after 4000ms: Expected to find element: `#inventory_container`, but never found it.",
                "estack": "AssertionError: Timed out retrying after 4000ms: Expected to find element: `#inventory_container`, but never found it.\n    at Context.eval (webpack:///./cypress/test-files/login.cy.js:17:40)",
                "diff": null
              },
              "uuid": "8fa5d37c-ec4e-4ce8-bc68-090daced1d4e",
              "parentUUID": "96d9e47a-eaf7-4ef2-8746-d663d2ee66ef",
              "isHook": false,
              "skipped": false
            },
            {
              "title": "should not login with an incorrect password",
              "fullTitle": "loginPage should not login with an incorrect password",
              "timedOut": null,
              "duration": 358,
              "state": "failed",
              "speed": null,
              "pass": false,
              "fail": true,
              "pending": false,
              "context": null,
              "code": "_login.default.login('locked_out_user', '$ecret$auce'); // cy.get(loginPage.inventoryList).should('be.visible')",
              "err": {
                "message": "TypeError: Cannot set property message of  which has only a getter\n\nBecause this error occurred during a `before each` hook we are skipping the remaining tests in the current suite: `loginPage`",
                "estack": "TypeError: Cannot set property message of  which has only a getter\n\nBecause this error occurred during a `before each` hook we are skipping the remaining tests in the current suite: `loginPage`\n    at modifyErrMsg (https://www.saucedemo.com/__cypress/runner/cypress_runner.js:161203:15)\n    at Object.appendErrMsg (https://www.saucedemo.com/__cypress/runner/cypress_runner.js:161209:10)\n    at Runner.<anonymous> (https://www.saucedemo.com/__cypress/runner/cypress_runner.js:164913:76)\n    at Runner.emit (https://www.saucedemo.com/__cypress/runner/cypress_runner.js:20883:7)\n    at ../driver/node_modules/mocha/lib/runner.js.Runner.fail (https://www.saucedemo.com/__cypress/runner/cypress_runner.js:108427:8)\n    at Runner.fail (https://www.saucedemo.com/__cypress/runner/cypress_runner.js:163086:25)\n    at ../driver/node_modules/mocha/lib/runner.js.Runner.failHook (https://www.saucedemo.com/__cypress/runner/cypress_runner.js:108465:8)\n    at Hook.<anonymous> (https://www.saucedemo.com/__cypress/runner/cypress_runner.js:108539:14)\n    at next (https://www.saucedemo.com/__cypress/runner/cypress_runner.js:165349:24)\n    at https://www.saucedemo.com/__cypress/runner/cypress_runner.js:165378:13\n    at tryCatcher (https://www.saucedemo.com/__cypress/runner/cypress_runner.js:11327:23)\n    at Promise._settlePromiseFromHandler (https://www.saucedemo.com/__cypress/runner/cypress_runner.js:9262:31)\n    at Promise._settlePromise (https://www.saucedemo.com/__cypress/runner/cypress_runner.js:9319:18)\n    at Promise._settlePromise0 (https://www.saucedemo.com/__cypress/runner/cypress_runner.js:9364:10)\n    at Promise._settlePromises (https://www.saucedemo.com/__cypress/runner/cypress_runner.js:9444:18)\n    at Promise._fulfill (https://www.saucedemo.com/__cypress/runner/cypress_runner.js:9388:18)\n    at Promise._resolveCallback (https://www.saucedemo.com/__cypress/runner/cypress_runner.js:9182:57)\n    at Promise._settlePromiseFromHandler (https://www.saucedemo.com/__cypress/runner/cypress_runner.js:9274:17)\n    at Promise._settlePromise (https://www.saucedemo.com/__cypress/runner/cypress_runner.js:9319:18)\n    at Promise._settlePromise0 (https://www.saucedemo.com/__cypress/runner/cypress_runner.js:9364:10)\n    at Promise._settlePromises (https://www.saucedemo.com/__cypress/runner/cypress_runner.js:9444:18)\n    at Promise._fulfill (https://www.saucedemo.com/__cypress/runner/cypress_runner.js:9388:18)",
                "diff": null
              },
              "uuid": "15c95fc8-ad6a-4491-b7bd-ee5004fed8d5",
              "parentUUID": "96d9e47a-eaf7-4ef2-8746-d663d2ee66ef",
              "isHook": false,
              "skipped": false
            }
          ],
          "suites": [],
          "passes": [
            "1a18affb-60a2-4467-a1d2-d51abbc20d3d"
          ],
          "failures": [
            "8fa5d37c-ec4e-4ce8-bc68-090daced1d4e",
            "15c95fc8-ad6a-4491-b7bd-ee5004fed8d5"
          ],
          "pending": [],
          "skipped": [],
          "duration": 8771,
          "root": false,
          "rootEmpty": false,
          "_timeout": 2000
        }
      ],
      "passes": [],
      "failures": [],
      "pending": [],
      "skipped": [],
      "duration": 0,
      "root": true,
      "rootEmpty": true,
      "_timeout": 2000
    },
    {
      "uuid": "3361a633-86fa-4564-9553-d762292a86ad",
      "title": "",
      "fullFile": "cypress\\test-files\\login.cy.js",
      "file": "cypress\\test-files\\login.cy.js",
      "beforeHooks": [],
      "afterHooks": [],
      "tests": [],
      "suites": [
        {
          "uuid": "7109d311-1208-4557-97eb-d7e0124c4020",
          "title": "loginPage",
          "fullFile": "",
          "file": "",
          "beforeHooks": [],
          "afterHooks": [],
          "tests": [
            {
              "title": "should login with a valid user",
              "fullTitle": "loginPage should login with a valid user",
              "timedOut": null,
              "duration": 2270,
              "state": "passed",
              "speed": "fast",
              "pass": true,
              "fail": false,
              "pending": false,
              "context": null,
              "code": "_login.default.login('standard_user', 'secret_sauce');\ncy.get(_login.default.inventoryList).should('be.visible');",
              "err": {},
              "uuid": "7614f8fc-a3cb-4266-aef9-76e4a6b8a3a4",
              "parentUUID": "7109d311-1208-4557-97eb-d7e0124c4020",
              "isHook": false,
              "skipped": false
            },
            {
              "title": "should not login with an invalid user",
              "fullTitle": "loginPage should not login with an invalid user",
              "timedOut": null,
              "duration": 5517,
              "state": "failed",
              "speed": null,
              "pass": false,
              "fail": true,
              "pending": false,
              "context": null,
              "code": "_login.default.login('locked_out_user', 'secret_sauce');\ncy.get(_login.default.inventoryList).should('not.be.visible');",
              "err": {
                "message": "AssertionError: Timed out retrying after 4000ms: Expected to find element: `#inventory_container`, but never found it.",
                "estack": "AssertionError: Timed out retrying after 4000ms: Expected to find element: `#inventory_container`, but never found it.\n    at Context.eval (webpack:///./cypress/test-files/login.cy.js:17:40)",
                "diff": null
              },
              "uuid": "492a193d-e54b-4a34-8491-666435ccbc18",
              "parentUUID": "7109d311-1208-4557-97eb-d7e0124c4020",
              "isHook": false,
              "skipped": false
            },
            {
              "title": "should not login with an incorrect password",
              "fullTitle": "loginPage should not login with an incorrect password",
              "timedOut": null,
              "duration": 286,
              "state": "failed",
              "speed": null,
              "pass": false,
              "fail": true,
              "pending": false,
              "context": null,
              "code": "_login.default.login('locked_out_user', '$ecret$auce'); // cy.get(loginPage.inventoryList).should('be.visible')",
              "err": {
                "message": "TypeError: Cannot set property message of  which has only a getter\n\nBecause this error occurred during a `before each` hook we are skipping the remaining tests in the current suite: `loginPage`",
                "estack": "TypeError: Cannot set property message of  which has only a getter\n\nBecause this error occurred during a `before each` hook we are skipping the remaining tests in the current suite: `loginPage`\n    at modifyErrMsg (https://www.saucedemo.com/__cypress/runner/cypress_runner.js:161203:15)\n    at Object.appendErrMsg (https://www.saucedemo.com/__cypress/runner/cypress_runner.js:161209:10)\n    at Runner.<anonymous> (https://www.saucedemo.com/__cypress/runner/cypress_runner.js:164913:76)\n    at Runner.emit (https://www.saucedemo.com/__cypress/runner/cypress_runner.js:20883:7)\n    at ../driver/node_modules/mocha/lib/runner.js.Runner.fail (https://www.saucedemo.com/__cypress/runner/cypress_runner.js:108427:8)\n    at Runner.fail (https://www.saucedemo.com/__cypress/runner/cypress_runner.js:163086:25)\n    at ../driver/node_modules/mocha/lib/runner.js.Runner.failHook (https://www.saucedemo.com/__cypress/runner/cypress_runner.js:108465:8)\n    at Hook.<anonymous> (https://www.saucedemo.com/__cypress/runner/cypress_runner.js:108539:14)\n    at next (https://www.saucedemo.com/__cypress/runner/cypress_runner.js:165349:24)\n    at https://www.saucedemo.com/__cypress/runner/cypress_runner.js:165378:13\n    at tryCatcher (https://www.saucedemo.com/__cypress/runner/cypress_runner.js:11327:23)\n    at Promise._settlePromiseFromHandler (https://www.saucedemo.com/__cypress/runner/cypress_runner.js:9262:31)\n    at Promise._settlePromise (https://www.saucedemo.com/__cypress/runner/cypress_runner.js:9319:18)\n    at Promise._settlePromise0 (https://www.saucedemo.com/__cypress/runner/cypress_runner.js:9364:10)\n    at Promise._settlePromises (https://www.saucedemo.com/__cypress/runner/cypress_runner.js:9444:18)\n    at Promise._fulfill (https://www.saucedemo.com/__cypress/runner/cypress_runner.js:9388:18)\n    at Promise._resolveCallback (https://www.saucedemo.com/__cypress/runner/cypress_runner.js:9182:57)\n    at Promise._settlePromiseFromHandler (https://www.saucedemo.com/__cypress/runner/cypress_runner.js:9274:17)\n    at Promise._settlePromise (https://www.saucedemo.com/__cypress/runner/cypress_runner.js:9319:18)\n    at Promise._settlePromise0 (https://www.saucedemo.com/__cypress/runner/cypress_runner.js:9364:10)\n    at Promise._settlePromises (https://www.saucedemo.com/__cypress/runner/cypress_runner.js:9444:18)\n    at Promise._fulfill (https://www.saucedemo.com/__cypress/runner/cypress_runner.js:9388:18)",
                "diff": null
              },
              "uuid": "df124959-d743-4cd8-8a94-5e21e1f2c312",
              "parentUUID": "7109d311-1208-4557-97eb-d7e0124c4020",
              "isHook": false,
              "skipped": false
            }
          ],
          "suites": [],
          "passes": [
            "7614f8fc-a3cb-4266-aef9-76e4a6b8a3a4"
          ],
          "failures": [
            "492a193d-e54b-4a34-8491-666435ccbc18",
            "df124959-d743-4cd8-8a94-5e21e1f2c312"
          ],
          "pending": [],
          "skipped": [],
          "duration": 8073,
          "root": false,
          "rootEmpty": false,
          "_timeout": 2000
        }
      ],
      "passes": [],
      "failures": [],
      "pending": [],
      "skipped": [],
      "duration": 0,
      "root": true,
      "rootEmpty": true,
      "_timeout": 2000
    },
    {
      "uuid": "9efa081d-a81e-4b11-92c6-dd3935924325",
      "title": "",
      "fullFile": "cypress\\test-files\\login.cy.js",
      "file": "cypress\\test-files\\login.cy.js",
      "beforeHooks": [],
      "afterHooks": [],
      "tests": [],
      "suites": [
        {
          "uuid": "017c041e-295f-4e0e-ab3b-0342527deeae",
          "title": "loginPage",
          "fullFile": "",
          "file": "",
          "beforeHooks": [],
          "afterHooks": [],
          "tests": [
            {
              "title": "should login with a valid user",
              "fullTitle": "loginPage should login with a valid user",
              "timedOut": null,
              "duration": 1612,
              "state": "passed",
              "speed": "fast",
              "pass": true,
              "fail": false,
              "pending": false,
              "context": null,
              "code": "_login.default.login('standard_user', 'secret_sauce');\ncy.get(_login.default.inventoryList).should('be.visible');",
              "err": {},
              "uuid": "d9626b4c-6349-4d13-be0c-08cf62b81dcc",
              "parentUUID": "017c041e-295f-4e0e-ab3b-0342527deeae",
              "isHook": false,
              "skipped": false
            },
            {
              "title": "should not login with an invalid user",
              "fullTitle": "loginPage should not login with an invalid user",
              "timedOut": null,
              "duration": 1141,
              "state": "passed",
              "speed": "fast",
              "pass": true,
              "fail": false,
              "pending": false,
              "context": null,
              "code": "_login.default.login('locked_out_user', 'secret_sauce'); // cy.get(loginPage.inventoryList).should('not.be.visible')",
              "err": {},
              "uuid": "2f2b4603-8a27-4653-9962-78be6063b7fb",
              "parentUUID": "017c041e-295f-4e0e-ab3b-0342527deeae",
              "isHook": false,
              "skipped": false
            },
            {
              "title": "should not login with an incorrect password",
              "fullTitle": "loginPage should not login with an incorrect password",
              "timedOut": null,
              "duration": 1124,
              "state": "passed",
              "speed": "fast",
              "pass": true,
              "fail": false,
              "pending": false,
              "context": null,
              "code": "_login.default.login('locked_out_user', '$ecret$auce'); // cy.get(loginPage.inventoryList).should('be.visible')",
              "err": {},
              "uuid": "70401722-7c5c-4b5c-add7-e729b3869b82",
              "parentUUID": "017c041e-295f-4e0e-ab3b-0342527deeae",
              "isHook": false,
              "skipped": false
            }
          ],
          "suites": [],
          "passes": [
            "d9626b4c-6349-4d13-be0c-08cf62b81dcc",
            "2f2b4603-8a27-4653-9962-78be6063b7fb",
            "70401722-7c5c-4b5c-add7-e729b3869b82"
          ],
          "failures": [],
          "pending": [],
          "skipped": [],
          "duration": 3877,
          "root": false,
          "rootEmpty": false,
          "_timeout": 2000
        }
      ],
      "passes": [],
      "failures": [],
      "pending": [],
      "skipped": [],
      "duration": 0,
      "root": true,
      "rootEmpty": true,
      "_timeout": 2000
    },
    {
      "uuid": "72537c72-10dc-48bb-bc0b-446de46ef8ed",
      "title": "",
      "fullFile": "cypress\\test-files\\login.cy.js",
      "file": "cypress\\test-files\\login.cy.js",
      "beforeHooks": [],
      "afterHooks": [],
      "tests": [],
      "suites": [
        {
          "uuid": "e71ebb72-9f10-4ad7-a3a3-ea7a527aa106",
          "title": "loginPage",
          "fullFile": "",
          "file": "",
          "beforeHooks": [],
          "afterHooks": [],
          "tests": [
            {
              "title": "should login with a valid user",
              "fullTitle": "loginPage should login with a valid user",
              "timedOut": null,
              "duration": 1786,
              "state": "passed",
              "speed": "fast",
              "pass": true,
              "fail": false,
              "pending": false,
              "context": null,
              "code": "_login.default.login('standard_user', 'secret_sauce');\ncy.get(_login.default.inventoryList).should('be.visible');",
              "err": {},
              "uuid": "62807325-d8c2-4858-b407-6fe57e41207c",
              "parentUUID": "e71ebb72-9f10-4ad7-a3a3-ea7a527aa106",
              "isHook": false,
              "skipped": false
            },
            {
              "title": "should not login with lockedOutUser",
              "fullTitle": "loginPage should not login with lockedOutUser",
              "timedOut": null,
              "duration": 1160,
              "state": "passed",
              "speed": "fast",
              "pass": true,
              "fail": false,
              "pending": false,
              "context": null,
              "code": "_login.default.login('locked_out_user', 'secret_sauce');\ncy.get(_login.default.lockedOutUser).should('be.visible');",
              "err": {},
              "uuid": "d50af165-1ae3-487b-8bb7-c25427552a91",
              "parentUUID": "e71ebb72-9f10-4ad7-a3a3-ea7a527aa106",
              "isHook": false,
              "skipped": false
            },
            {
              "title": "should not login with an incorrect password",
              "fullTitle": "loginPage should not login with an incorrect password",
              "timedOut": null,
              "duration": 1126,
              "state": "passed",
              "speed": "fast",
              "pass": true,
              "fail": false,
              "pending": false,
              "context": null,
              "code": "_login.default.login('locked_out_user', '$ecret$auce'); // cy.get(loginPage.inventoryList).should('be.visible')",
              "err": {},
              "uuid": "13337740-e99b-46e5-8571-670c0dc50c06",
              "parentUUID": "e71ebb72-9f10-4ad7-a3a3-ea7a527aa106",
              "isHook": false,
              "skipped": false
            }
          ],
          "suites": [],
          "passes": [
            "62807325-d8c2-4858-b407-6fe57e41207c",
            "d50af165-1ae3-487b-8bb7-c25427552a91",
            "13337740-e99b-46e5-8571-670c0dc50c06"
          ],
          "failures": [],
          "pending": [],
          "skipped": [],
          "duration": 4072,
          "root": false,
          "rootEmpty": false,
          "_timeout": 2000
        }
      ],
      "passes": [],
      "failures": [],
      "pending": [],
      "skipped": [],
      "duration": 0,
      "root": true,
      "rootEmpty": true,
      "_timeout": 2000
    },
    {
      "uuid": "d2457ed8-1c8b-418c-b5a8-b37a3f808393",
      "title": "",
      "fullFile": "cypress\\test-files\\login.cy.js",
      "file": "cypress\\test-files\\login.cy.js",
      "beforeHooks": [],
      "afterHooks": [],
      "tests": [],
      "suites": [
        {
          "uuid": "24253aed-995d-4cbe-ab8c-671dc52e2d0a",
          "title": "loginPage",
          "fullFile": "",
          "file": "",
          "beforeHooks": [],
          "afterHooks": [],
          "tests": [
            {
              "title": "should login with a valid user",
              "fullTitle": "loginPage should login with a valid user",
              "timedOut": null,
              "duration": 2413,
              "state": "passed",
              "speed": "fast",
              "pass": true,
              "fail": false,
              "pending": false,
              "context": null,
              "code": "_login.default.login('standard_user', 'secret_sauce');\ncy.get(_login.default.inventoryList).should('be.visible');",
              "err": {},
              "uuid": "0368f4ef-af35-4ed2-a152-8b9ac4c81274",
              "parentUUID": "24253aed-995d-4cbe-ab8c-671dc52e2d0a",
              "isHook": false,
              "skipped": false
            },
            {
              "title": "should not login with lockedOutUser",
              "fullTitle": "loginPage should not login with lockedOutUser",
              "timedOut": null,
              "duration": 1360,
              "state": "passed",
              "speed": "fast",
              "pass": true,
              "fail": false,
              "pending": false,
              "context": null,
              "code": "_login.default.login('locked_out_user', 'secret_sauce');\ncy.get(_login.default.lockedOutUser).should('be.visible');",
              "err": {},
              "uuid": "c909a793-c07b-4826-b9b9-0ed307358d16",
              "parentUUID": "24253aed-995d-4cbe-ab8c-671dc52e2d0a",
              "isHook": false,
              "skipped": false
            },
            {
              "title": "should not login with an incorrect password",
              "fullTitle": "loginPage should not login with an incorrect password",
              "timedOut": null,
              "duration": 1263,
              "state": "passed",
              "speed": "fast",
              "pass": true,
              "fail": false,
              "pending": false,
              "context": null,
              "code": "_login.default.login('locked_out_user', '$ecret$auce');\ncy.get(_login.default.lockedOutUser).should('be.visible');",
              "err": {},
              "uuid": "d7b1e083-0709-40c3-b633-a4a67ccc7139",
              "parentUUID": "24253aed-995d-4cbe-ab8c-671dc52e2d0a",
              "isHook": false,
              "skipped": false
            }
          ],
          "suites": [],
          "passes": [
            "0368f4ef-af35-4ed2-a152-8b9ac4c81274",
            "c909a793-c07b-4826-b9b9-0ed307358d16",
            "d7b1e083-0709-40c3-b633-a4a67ccc7139"
          ],
          "failures": [],
          "pending": [],
          "skipped": [],
          "duration": 5036,
          "root": false,
          "rootEmpty": false,
          "_timeout": 2000
        }
      ],
      "passes": [],
      "failures": [],
      "pending": [],
      "skipped": [],
      "duration": 0,
      "root": true,
      "rootEmpty": true,
      "_timeout": 2000
    },
    {
      "uuid": "86cb4c0a-7591-4bca-979d-16f584297375",
      "title": "",
      "fullFile": "cypress\\test-files\\addToCartOneItem.cy.js",
      "file": "cypress\\test-files\\addToCartOneItem.cy.js",
      "beforeHooks": [],
      "afterHooks": [],
      "tests": [],
      "suites": [
        {
          "uuid": "9a5c1280-e7db-45cb-9a73-c161af65e3cb",
          "title": "Adding an item to cart",
          "fullFile": "",
          "file": "",
          "beforeHooks": [],
          "afterHooks": [],
          "tests": [
            {
              "title": "should login with a valid user",
              "fullTitle": "Adding an item to cart should login with a valid user",
              "timedOut": null,
              "duration": 1724,
              "state": "passed",
              "speed": "fast",
              "pass": true,
              "fail": false,
              "pending": false,
              "context": null,
              "code": "_login.default.login('standard_user', 'secret_sauce');\ncy.get(_login.default.inventoryList).should('be.visible');",
              "err": {},
              "uuid": "f3e45184-0bb2-48c9-bcbb-15193c625d98",
              "parentUUID": "9a5c1280-e7db-45cb-9a73-c161af65e3cb",
              "isHook": false,
              "skipped": false
            },
            {
              "title": "should add Sauce Labs Bolt T-shirt item to cart",
              "fullTitle": "Adding an item to cart should add Sauce Labs Bolt T-shirt item to cart",
              "timedOut": null,
              "duration": 4616,
              "state": "failed",
              "speed": null,
              "pass": false,
              "fail": true,
              "pending": false,
              "context": null,
              "code": "_addToCart.default.addCart();\ncy.get(_addToCart.default.cartIcon).should('have.text', 1);\ncy.get(_addToCart.default.removeSauceLabBoltButton).should('be.visible');\ncy.get(_addToCart.default.cartItemsName).should('have.text', 'Sauce Labs Bolt T-shirt');",
              "err": {
                "message": "AssertionError: Timed out retrying after 4000ms: Expected to find element: `#item_1_title_link`, but never found it.",
                "estack": "AssertionError: Timed out retrying after 4000ms: Expected to find element: `#item_1_title_link`, but never found it.\n    at addToCart.addCart (webpack:///./cypress/page-objects/addToCart.js:23:30)\n    at Context.eval (webpack:///./cypress/test-files/addToCartOneItem.cy.js:14:18)",
                "diff": null
              },
              "uuid": "a4448563-d910-49de-9767-d3e526b9abc7",
              "parentUUID": "9a5c1280-e7db-45cb-9a73-c161af65e3cb",
              "isHook": false,
              "skipped": false
            }
          ],
          "suites": [],
          "passes": [
            "f3e45184-0bb2-48c9-bcbb-15193c625d98"
          ],
          "failures": [
            "a4448563-d910-49de-9767-d3e526b9abc7"
          ],
          "pending": [],
          "skipped": [],
          "duration": 6340,
          "root": false,
          "rootEmpty": false,
          "_timeout": 2000
        }
      ],
      "passes": [],
      "failures": [],
      "pending": [],
      "skipped": [],
      "duration": 0,
      "root": true,
      "rootEmpty": true,
      "_timeout": 2000
    },
    {
      "uuid": "53bbeab0-e2fb-4129-9732-85e798cc945a",
      "title": "",
      "fullFile": "cypress\\test-files\\login.cy.js",
      "file": "cypress\\test-files\\login.cy.js",
      "beforeHooks": [],
      "afterHooks": [],
      "tests": [],
      "suites": [
        {
          "uuid": "28737cef-95bb-4d8d-aba6-048ea155c5f9",
          "title": "loginPage",
          "fullFile": "",
          "file": "",
          "beforeHooks": [],
          "afterHooks": [],
          "tests": [
            {
              "title": "should login with a valid user",
              "fullTitle": "loginPage should login with a valid user",
              "timedOut": null,
              "duration": 408,
              "state": "failed",
              "speed": null,
              "pass": false,
              "fail": true,
              "pending": false,
              "context": null,
              "code": "_login.default.login('standard_user', 'secret_sauce');\ncy.get(_login.default.inventoryList).should('be.visible');",
              "err": {
                "message": "TypeError: Cannot set property message of  which has only a getter\n\nBecause this error occurred during a `before each` hook we are skipping the remaining tests in the current suite: `loginPage`",
                "estack": "TypeError: Cannot set property message of  which has only a getter\n\nBecause this error occurred during a `before each` hook we are skipping the remaining tests in the current suite: `loginPage`\n    at modifyErrMsg (https://www.saucedemo.com/__cypress/runner/cypress_runner.js:161203:15)\n    at Object.appendErrMsg (https://www.saucedemo.com/__cypress/runner/cypress_runner.js:161209:10)\n    at Runner.<anonymous> (https://www.saucedemo.com/__cypress/runner/cypress_runner.js:164913:76)\n    at Runner.emit (https://www.saucedemo.com/__cypress/runner/cypress_runner.js:20883:7)\n    at ../driver/node_modules/mocha/lib/runner.js.Runner.fail (https://www.saucedemo.com/__cypress/runner/cypress_runner.js:108427:8)\n    at Runner.fail (https://www.saucedemo.com/__cypress/runner/cypress_runner.js:163086:25)\n    at ../driver/node_modules/mocha/lib/runner.js.Runner.failHook (https://www.saucedemo.com/__cypress/runner/cypress_runner.js:108465:8)\n    at Hook.<anonymous> (https://www.saucedemo.com/__cypress/runner/cypress_runner.js:108539:14)\n    at next (https://www.saucedemo.com/__cypress/runner/cypress_runner.js:165349:24)\n    at https://www.saucedemo.com/__cypress/runner/cypress_runner.js:165378:13\n    at tryCatcher (https://www.saucedemo.com/__cypress/runner/cypress_runner.js:11327:23)\n    at Promise._settlePromiseFromHandler (https://www.saucedemo.com/__cypress/runner/cypress_runner.js:9262:31)\n    at Promise._settlePromise (https://www.saucedemo.com/__cypress/runner/cypress_runner.js:9319:18)\n    at Promise._settlePromise0 (https://www.saucedemo.com/__cypress/runner/cypress_runner.js:9364:10)\n    at Promise._settlePromises (https://www.saucedemo.com/__cypress/runner/cypress_runner.js:9444:18)\n    at Promise._fulfill (https://www.saucedemo.com/__cypress/runner/cypress_runner.js:9388:18)\n    at Promise._resolveCallback (https://www.saucedemo.com/__cypress/runner/cypress_runner.js:9182:57)\n    at Promise._settlePromiseFromHandler (https://www.saucedemo.com/__cypress/runner/cypress_runner.js:9274:17)\n    at Promise._settlePromise (https://www.saucedemo.com/__cypress/runner/cypress_runner.js:9319:18)\n    at Promise._settlePromise0 (https://www.saucedemo.com/__cypress/runner/cypress_runner.js:9364:10)\n    at Promise._settlePromises (https://www.saucedemo.com/__cypress/runner/cypress_runner.js:9444:18)\n    at Promise._fulfill (https://www.saucedemo.com/__cypress/runner/cypress_runner.js:9388:18)",
                "diff": null
              },
              "uuid": "3e47acf8-307c-44ff-a9c5-b69c34d1cb90",
              "parentUUID": "28737cef-95bb-4d8d-aba6-048ea155c5f9",
              "isHook": false,
              "skipped": false
            },
            {
              "title": "should not login with lockedOutUser",
              "fullTitle": "loginPage should not login with lockedOutUser",
              "timedOut": null,
              "duration": 0,
              "state": "skipped",
              "speed": null,
              "pass": false,
              "fail": false,
              "pending": false,
              "context": null,
              "code": "_login.default.login('locked_out_user', 'secret_sauce');\ncy.get(_login.default.lockedOutUser).should('be.visible');",
              "err": {},
              "uuid": "0760eb87-c387-41eb-a87e-82032bfd65c1",
              "parentUUID": "28737cef-95bb-4d8d-aba6-048ea155c5f9",
              "isHook": false,
              "skipped": true
            },
            {
              "title": "should not login with an incorrect password",
              "fullTitle": "loginPage should not login with an incorrect password",
              "timedOut": null,
              "duration": 0,
              "state": "skipped",
              "speed": null,
              "pass": false,
              "fail": false,
              "pending": false,
              "context": null,
              "code": "_login.default.login('locked_out_user', '$ecret$auce');\ncy.get(_login.default.lockedOutUser).should('be.visible');",
              "err": {},
              "uuid": "a82f1d8f-af1c-479e-bca1-874a3f0efee4",
              "parentUUID": "28737cef-95bb-4d8d-aba6-048ea155c5f9",
              "isHook": false,
              "skipped": true
            }
          ],
          "suites": [],
          "passes": [],
          "failures": [
            "3e47acf8-307c-44ff-a9c5-b69c34d1cb90"
          ],
          "pending": [],
          "skipped": [
            "0760eb87-c387-41eb-a87e-82032bfd65c1",
            "a82f1d8f-af1c-479e-bca1-874a3f0efee4"
          ],
          "duration": 408,
          "root": false,
          "rootEmpty": false,
          "_timeout": 2000
        }
      ],
      "passes": [],
      "failures": [],
      "pending": [],
      "skipped": [],
      "duration": 0,
      "root": true,
      "rootEmpty": true,
      "_timeout": 2000
    },
    {
      "uuid": "41fc069e-36ae-4464-a71a-3e3441e96770",
      "title": "",
      "fullFile": "cypress\\test-files\\addToCartOneItem.cy.js",
      "file": "cypress\\test-files\\addToCartOneItem.cy.js",
      "beforeHooks": [],
      "afterHooks": [],
      "tests": [],
      "suites": [
        {
          "uuid": "73172b52-78f5-45af-bd8e-a4ef5759932e",
          "title": "Adding an item to cart",
          "fullFile": "",
          "file": "",
          "beforeHooks": [],
          "afterHooks": [],
          "tests": [
            {
              "title": "should login with a valid user",
              "fullTitle": "Adding an item to cart should login with a valid user",
              "timedOut": null,
              "duration": 2900,
              "state": "passed",
              "speed": "fast",
              "pass": true,
              "fail": false,
              "pending": false,
              "context": null,
              "code": "_login.default.login('standard_user', 'secret_sauce');\ncy.get(_login.default.inventoryList).should('be.visible');",
              "err": {},
              "uuid": "f3e8e27d-2f91-4a1e-a906-b7313ba1a71b",
              "parentUUID": "73172b52-78f5-45af-bd8e-a4ef5759932e",
              "isHook": false,
              "skipped": false
            },
            {
              "title": "should add Sauce Labs Bolt T-shirt item to cart",
              "fullTitle": "Adding an item to cart should add Sauce Labs Bolt T-shirt item to cart",
              "timedOut": null,
              "duration": 4631,
              "state": "failed",
              "speed": null,
              "pass": false,
              "fail": true,
              "pending": false,
              "context": null,
              "code": "_addToCart.default.addCart();\ncy.get(_addToCart.default.cartIcon).should('have.text', 1); // cy.get(addToCart.removeSauceLabBoltButton).should('be.visible')\ncy.get(_addToCart.default.cartItemsName).should('have.text', 'Sauce Labs Bolt T-shirt');",
              "err": {
                "message": "AssertionError: Timed out retrying after 4000ms: Expected to find element: `#item_1_title_link`, but never found it.",
                "estack": "AssertionError: Timed out retrying after 4000ms: Expected to find element: `#item_1_title_link`, but never found it.\n    at addToCart.addCart (webpack:///./cypress/page-objects/addToCart.js:23:30)\n    at Context.eval (webpack:///./cypress/test-files/addToCartOneItem.cy.js:14:18)",
                "diff": null
              },
              "uuid": "ce168f5b-3339-4d38-bb17-85ec95832e86",
              "parentUUID": "73172b52-78f5-45af-bd8e-a4ef5759932e",
              "isHook": false,
              "skipped": false
            }
          ],
          "suites": [],
          "passes": [
            "f3e8e27d-2f91-4a1e-a906-b7313ba1a71b"
          ],
          "failures": [
            "ce168f5b-3339-4d38-bb17-85ec95832e86"
          ],
          "pending": [],
          "skipped": [],
          "duration": 7531,
          "root": false,
          "rootEmpty": false,
          "_timeout": 2000
        }
      ],
      "passes": [],
      "failures": [],
      "pending": [],
      "skipped": [],
      "duration": 0,
      "root": true,
      "rootEmpty": true,
      "_timeout": 2000
    },
    {
      "uuid": "1359bfa2-6233-4fd9-813a-df7918905e5b",
      "title": "",
      "fullFile": "cypress\\test-files\\login.cy.js",
      "file": "cypress\\test-files\\login.cy.js",
      "beforeHooks": [],
      "afterHooks": [],
      "tests": [],
      "suites": [
        {
          "uuid": "b8e857e2-7cf8-4621-9cac-80b64aead5af",
          "title": "loginPage",
          "fullFile": "",
          "file": "",
          "beforeHooks": [],
          "afterHooks": [],
          "tests": [
            {
              "title": "should login with a valid user",
              "fullTitle": "loginPage should login with a valid user",
              "timedOut": null,
              "duration": 0,
              "state": "pending",
              "speed": null,
              "pass": false,
              "fail": false,
              "pending": false,
              "context": null,
              "code": "_login.default.login('standard_user', 'secret_sauce');\ncy.get(_login.default.inventoryList).should('be.visible');",
              "err": {},
              "uuid": "8359d2d8-5664-48e4-8afc-22a07c15dba4",
              "parentUUID": "b8e857e2-7cf8-4621-9cac-80b64aead5af",
              "isHook": false,
              "skipped": true
            },
            {
              "title": "should not login with lockedOutUser",
              "fullTitle": "loginPage should not login with lockedOutUser",
              "timedOut": null,
              "duration": 0,
              "state": "pending",
              "speed": null,
              "pass": false,
              "fail": false,
              "pending": false,
              "context": null,
              "code": "_login.default.login('locked_out_user', 'secret_sauce');\ncy.get(_login.default.lockedOutUser).should('be.visible');",
              "err": {},
              "uuid": "e86c2ada-cad8-47d1-bd88-224a92615eed",
              "parentUUID": "b8e857e2-7cf8-4621-9cac-80b64aead5af",
              "isHook": false,
              "skipped": true
            },
            {
              "title": "should not login with an incorrect password",
              "fullTitle": "loginPage should not login with an incorrect password",
              "timedOut": null,
              "duration": 0,
              "state": "pending",
              "speed": null,
              "pass": false,
              "fail": false,
              "pending": false,
              "context": null,
              "code": "_login.default.login('locked_out_user', '$ecret$auce');\ncy.get(_login.default.lockedOutUser).should('be.visible');",
              "err": {},
              "uuid": "f0dcde67-cd33-409c-9a2b-a1446ca1e13d",
              "parentUUID": "b8e857e2-7cf8-4621-9cac-80b64aead5af",
              "isHook": false,
              "skipped": true
            }
          ],
          "suites": [],
          "passes": [],
          "failures": [],
          "pending": [],
          "skipped": [
            "8359d2d8-5664-48e4-8afc-22a07c15dba4",
            "e86c2ada-cad8-47d1-bd88-224a92615eed",
            "f0dcde67-cd33-409c-9a2b-a1446ca1e13d"
          ],
          "duration": 0,
          "root": false,
          "rootEmpty": false,
          "_timeout": 2000
        }
      ],
      "passes": [],
      "failures": [],
      "pending": [],
      "skipped": [],
      "duration": 0,
      "root": true,
      "rootEmpty": true,
      "_timeout": 2000
    },
    {
      "uuid": "ab3e82d6-c3b6-462a-b8d7-3d02d0651cbc",
      "title": "",
      "fullFile": "cypress\\test-files\\addToCartOneItem.cy.js",
      "file": "cypress\\test-files\\addToCartOneItem.cy.js",
      "beforeHooks": [],
      "afterHooks": [],
      "tests": [],
      "suites": [
        {
          "uuid": "5780d058-b4b7-41bd-9777-d60710ff5053",
          "title": "Adding an item to cart",
          "fullFile": "",
          "file": "",
          "beforeHooks": [],
          "afterHooks": [],
          "tests": [
            {
              "title": "should login with a valid user",
              "fullTitle": "Adding an item to cart should login with a valid user",
              "timedOut": null,
              "duration": 2089,
              "state": "passed",
              "speed": "fast",
              "pass": true,
              "fail": false,
              "pending": false,
              "context": null,
              "code": "_login.default.login('standard_user', 'secret_sauce');\ncy.get(_login.default.inventoryList).should('be.visible');",
              "err": {},
              "uuid": "ec99319d-9e6c-495f-929a-65f47f00a2f8",
              "parentUUID": "5780d058-b4b7-41bd-9777-d60710ff5053",
              "isHook": false,
              "skipped": false
            },
            {
              "title": "should add Sauce Labs Bolt T-shirt item to cart",
              "fullTitle": "Adding an item to cart should add Sauce Labs Bolt T-shirt item to cart",
              "timedOut": null,
              "duration": 4512,
              "state": "failed",
              "speed": null,
              "pass": false,
              "fail": true,
              "pending": false,
              "context": null,
              "code": "_addToCart.default.addCart();\ncy.get(_addToCart.default.cartIcon).should('have.text', 1); // cy.get(addToCart.removeSauceLabBoltButton).should('be.visible')\ncy.get(_addToCart.default.cartItemName).should('have.text', 'Sauce Labs Bolt T-shirt');",
              "err": {
                "message": "AssertionError: Timed out retrying after 4000ms: Expected to find element: `#item_1_title_link`, but never found it.",
                "estack": "AssertionError: Timed out retrying after 4000ms: Expected to find element: `#item_1_title_link`, but never found it.\n    at addToCart.addCart (webpack:///./cypress/page-objects/addToCart.js:23:30)\n    at Context.eval (webpack:///./cypress/test-files/addToCartOneItem.cy.js:14:18)",
                "diff": null
              },
              "uuid": "e0e2a307-ef75-44ec-a5a8-99a0c9db82ae",
              "parentUUID": "5780d058-b4b7-41bd-9777-d60710ff5053",
              "isHook": false,
              "skipped": false
            }
          ],
          "suites": [],
          "passes": [
            "ec99319d-9e6c-495f-929a-65f47f00a2f8"
          ],
          "failures": [
            "e0e2a307-ef75-44ec-a5a8-99a0c9db82ae"
          ],
          "pending": [],
          "skipped": [],
          "duration": 6601,
          "root": false,
          "rootEmpty": false,
          "_timeout": 2000
        }
      ],
      "passes": [],
      "failures": [],
      "pending": [],
      "skipped": [],
      "duration": 0,
      "root": true,
      "rootEmpty": true,
      "_timeout": 2000
    },
    {
      "uuid": "251fdfc7-9cd5-442d-9fb4-db59ef89f244",
      "title": "",
      "fullFile": "cypress\\test-files\\login.cy.js",
      "file": "cypress\\test-files\\login.cy.js",
      "beforeHooks": [],
      "afterHooks": [],
      "tests": [],
      "suites": [
        {
          "uuid": "29966715-8bd5-4c55-8fda-04e9c19326a0",
          "title": "loginPage",
          "fullFile": "",
          "file": "",
          "beforeHooks": [],
          "afterHooks": [],
          "tests": [
            {
              "title": "should login with a valid user",
              "fullTitle": "loginPage should login with a valid user",
              "timedOut": null,
              "duration": 0,
              "state": "pending",
              "speed": null,
              "pass": false,
              "fail": false,
              "pending": false,
              "context": null,
              "code": "_login.default.login('standard_user', 'secret_sauce');\ncy.get(_login.default.inventoryList).should('be.visible');",
              "err": {},
              "uuid": "3c3360d1-a0a4-4255-b4b6-3b5ae8537d70",
              "parentUUID": "29966715-8bd5-4c55-8fda-04e9c19326a0",
              "isHook": false,
              "skipped": true
            },
            {
              "title": "should not login with lockedOutUser",
              "fullTitle": "loginPage should not login with lockedOutUser",
              "timedOut": null,
              "duration": 0,
              "state": "pending",
              "speed": null,
              "pass": false,
              "fail": false,
              "pending": false,
              "context": null,
              "code": "_login.default.login('locked_out_user', 'secret_sauce');\ncy.get(_login.default.lockedOutUser).should('be.visible');",
              "err": {},
              "uuid": "3b4e3f5b-ff18-4af2-8dee-2446ba4fcaa3",
              "parentUUID": "29966715-8bd5-4c55-8fda-04e9c19326a0",
              "isHook": false,
              "skipped": true
            },
            {
              "title": "should not login with an incorrect password",
              "fullTitle": "loginPage should not login with an incorrect password",
              "timedOut": null,
              "duration": 0,
              "state": "pending",
              "speed": null,
              "pass": false,
              "fail": false,
              "pending": false,
              "context": null,
              "code": "_login.default.login('locked_out_user', '$ecret$auce');\ncy.get(_login.default.lockedOutUser).should('be.visible');",
              "err": {},
              "uuid": "23258c60-5033-479d-a8f4-857b65874b0d",
              "parentUUID": "29966715-8bd5-4c55-8fda-04e9c19326a0",
              "isHook": false,
              "skipped": true
            }
          ],
          "suites": [],
          "passes": [],
          "failures": [],
          "pending": [],
          "skipped": [
            "3c3360d1-a0a4-4255-b4b6-3b5ae8537d70",
            "3b4e3f5b-ff18-4af2-8dee-2446ba4fcaa3",
            "23258c60-5033-479d-a8f4-857b65874b0d"
          ],
          "duration": 0,
          "root": false,
          "rootEmpty": false,
          "_timeout": 2000
        }
      ],
      "passes": [],
      "failures": [],
      "pending": [],
      "skipped": [],
      "duration": 0,
      "root": true,
      "rootEmpty": true,
      "_timeout": 2000
    },
    {
      "uuid": "52a6fe29-8ffd-44df-98bf-db9a790c5e28",
      "title": "",
      "fullFile": "cypress\\test-files\\addToCartOneItem.cy.js",
      "file": "cypress\\test-files\\addToCartOneItem.cy.js",
      "beforeHooks": [],
      "afterHooks": [],
      "tests": [],
      "suites": [
        {
          "uuid": "fb6cff8c-2a54-4756-86d6-815e8866edd1",
          "title": "Adding an item to cart",
          "fullFile": "",
          "file": "",
          "beforeHooks": [],
          "afterHooks": [],
          "tests": [
            {
              "title": "should login with a valid user",
              "fullTitle": "Adding an item to cart should login with a valid user",
              "timedOut": null,
              "duration": 2001,
              "state": "passed",
              "speed": "fast",
              "pass": true,
              "fail": false,
              "pending": false,
              "context": null,
              "code": "_login.default.login('standard_user', 'secret_sauce');\ncy.get(_login.default.inventoryList).should('be.visible');",
              "err": {},
              "uuid": "6584137a-2a82-4e00-b073-32f1bced0d52",
              "parentUUID": "fb6cff8c-2a54-4756-86d6-815e8866edd1",
              "isHook": false,
              "skipped": false
            },
            {
              "title": "should add Sauce Labs Bolt T-shirt item to cart",
              "fullTitle": "Adding an item to cart should add Sauce Labs Bolt T-shirt item to cart",
              "timedOut": null,
              "duration": 4653,
              "state": "failed",
              "speed": null,
              "pass": false,
              "fail": true,
              "pending": false,
              "context": null,
              "code": "_addToCart.default.addCart();\ncy.get(_addToCart.default.cartIcon).should('have.text', 1); // cy.get(addToCart.removeSauceLabBoltButton).should('be.visible')\ncy.get(_addToCart.default.cartItemName).should('have.text', 'Sauce Labs Bolt T-shirt');",
              "err": {
                "message": "AssertionError: Timed out retrying after 4000ms: Expected to find element: `#item_1_title_link`, but never found it.",
                "estack": "AssertionError: Timed out retrying after 4000ms: Expected to find element: `#item_1_title_link`, but never found it.\n    at addToCart.addCart (webpack:///./cypress/page-objects/addToCart.js:23:30)\n    at Context.eval (webpack:///./cypress/test-files/addToCartOneItem.cy.js:14:18)",
                "diff": null
              },
              "uuid": "156f8bf1-5ddb-4a78-af18-aa2a5271cf26",
              "parentUUID": "fb6cff8c-2a54-4756-86d6-815e8866edd1",
              "isHook": false,
              "skipped": false
            }
          ],
          "suites": [],
          "passes": [
            "6584137a-2a82-4e00-b073-32f1bced0d52"
          ],
          "failures": [
            "156f8bf1-5ddb-4a78-af18-aa2a5271cf26"
          ],
          "pending": [],
          "skipped": [],
          "duration": 6654,
          "root": false,
          "rootEmpty": false,
          "_timeout": 2000
        }
      ],
      "passes": [],
      "failures": [],
      "pending": [],
      "skipped": [],
      "duration": 0,
      "root": true,
      "rootEmpty": true,
      "_timeout": 2000
    },
    {
      "uuid": "f7218376-c987-456f-b7e3-82c928d84468",
      "title": "",
      "fullFile": "cypress\\test-files\\login.cy.js",
      "file": "cypress\\test-files\\login.cy.js",
      "beforeHooks": [],
      "afterHooks": [],
      "tests": [],
      "suites": [
        {
          "uuid": "96fb2338-0c34-4cf2-bdd5-0e9da66bde5b",
          "title": "loginPage",
          "fullFile": "",
          "file": "",
          "beforeHooks": [],
          "afterHooks": [],
          "tests": [
            {
              "title": "should login with a valid user",
              "fullTitle": "loginPage should login with a valid user",
              "timedOut": null,
              "duration": 0,
              "state": "pending",
              "speed": null,
              "pass": false,
              "fail": false,
              "pending": false,
              "context": null,
              "code": "_login.default.login('standard_user', 'secret_sauce');\ncy.get(_login.default.inventoryList).should('be.visible');",
              "err": {},
              "uuid": "85e46314-477c-495a-a6e2-67c36ada32e3",
              "parentUUID": "96fb2338-0c34-4cf2-bdd5-0e9da66bde5b",
              "isHook": false,
              "skipped": true
            },
            {
              "title": "should not login with lockedOutUser",
              "fullTitle": "loginPage should not login with lockedOutUser",
              "timedOut": null,
              "duration": 0,
              "state": "pending",
              "speed": null,
              "pass": false,
              "fail": false,
              "pending": false,
              "context": null,
              "code": "_login.default.login('locked_out_user', 'secret_sauce');\ncy.get(_login.default.lockedOutUser).should('be.visible');",
              "err": {},
              "uuid": "ed5c3b05-957a-447e-bb96-ee9ffa977366",
              "parentUUID": "96fb2338-0c34-4cf2-bdd5-0e9da66bde5b",
              "isHook": false,
              "skipped": true
            },
            {
              "title": "should not login with an incorrect password",
              "fullTitle": "loginPage should not login with an incorrect password",
              "timedOut": null,
              "duration": 0,
              "state": "pending",
              "speed": null,
              "pass": false,
              "fail": false,
              "pending": false,
              "context": null,
              "code": "_login.default.login('locked_out_user', '$ecret$auce');\ncy.get(_login.default.lockedOutUser).should('be.visible');",
              "err": {},
              "uuid": "2f65b7ab-b5f0-40de-8078-9bc78acbbc8c",
              "parentUUID": "96fb2338-0c34-4cf2-bdd5-0e9da66bde5b",
              "isHook": false,
              "skipped": true
            }
          ],
          "suites": [],
          "passes": [],
          "failures": [],
          "pending": [],
          "skipped": [
            "85e46314-477c-495a-a6e2-67c36ada32e3",
            "ed5c3b05-957a-447e-bb96-ee9ffa977366",
            "2f65b7ab-b5f0-40de-8078-9bc78acbbc8c"
          ],
          "duration": 0,
          "root": false,
          "rootEmpty": false,
          "_timeout": 2000
        }
      ],
      "passes": [],
      "failures": [],
      "pending": [],
      "skipped": [],
      "duration": 0,
      "root": true,
      "rootEmpty": true,
      "_timeout": 2000
    },
    {
      "uuid": "8e6f0f65-046b-4d92-8fde-6ebd2fce74a3",
      "title": "",
      "fullFile": "cypress\\test-files\\addToCartOneItem.cy.js",
      "file": "cypress\\test-files\\addToCartOneItem.cy.js",
      "beforeHooks": [],
      "afterHooks": [],
      "tests": [],
      "suites": [
        {
          "uuid": "01948901-9581-4b31-9608-e02bde788621",
          "title": "Adding an item to cart",
          "fullFile": "",
          "file": "",
          "beforeHooks": [],
          "afterHooks": [],
          "tests": [
            {
              "title": "should login with a valid user",
              "fullTitle": "Adding an item to cart should login with a valid user",
              "timedOut": null,
              "duration": 2461,
              "state": "passed",
              "speed": "fast",
              "pass": true,
              "fail": false,
              "pending": false,
              "context": null,
              "code": "_login.default.login('standard_user', 'secret_sauce');\ncy.get(_login.default.inventoryList).should('be.visible');",
              "err": {},
              "uuid": "87489673-b9e3-49ff-ac17-7b56670bc9a9",
              "parentUUID": "01948901-9581-4b31-9608-e02bde788621",
              "isHook": false,
              "skipped": false
            },
            {
              "title": "should add Sauce Labs Bolt T-shirt item to cart",
              "fullTitle": "Adding an item to cart should add Sauce Labs Bolt T-shirt item to cart",
              "timedOut": null,
              "duration": 4756,
              "state": "failed",
              "speed": null,
              "pass": false,
              "fail": true,
              "pending": false,
              "context": null,
              "code": "_addToCart.default.addCart();\ncy.get(_addToCart.default.cartIcon).should('have.text', 1); // cy.get(addToCart.removeSauceLabBoltButton).should('be.visible')\ncy.get(_addToCart.default.cartItemName).should('have.text', 'Sauce Labs Bolt T-shirt');",
              "err": {
                "message": "AssertionError: Timed out retrying after 4000ms: Expected to find element: `a[id= item_1_title_link] div[class= inventory_item_name]`, but never found it.",
                "estack": "AssertionError: Timed out retrying after 4000ms: Expected to find element: `a[id= item_1_title_link] div[class= inventory_item_name]`, but never found it.\n    at addToCart.addCart (webpack:///./cypress/page-objects/addToCart.js:23:30)\n    at Context.eval (webpack:///./cypress/test-files/addToCartOneItem.cy.js:14:18)",
                "diff": null
              },
              "uuid": "3c2c0cf6-4e70-4dcd-8960-2be06d4efa68",
              "parentUUID": "01948901-9581-4b31-9608-e02bde788621",
              "isHook": false,
              "skipped": false
            }
          ],
          "suites": [],
          "passes": [
            "87489673-b9e3-49ff-ac17-7b56670bc9a9"
          ],
          "failures": [
            "3c2c0cf6-4e70-4dcd-8960-2be06d4efa68"
          ],
          "pending": [],
          "skipped": [],
          "duration": 7217,
          "root": false,
          "rootEmpty": false,
          "_timeout": 2000
        }
      ],
      "passes": [],
      "failures": [],
      "pending": [],
      "skipped": [],
      "duration": 0,
      "root": true,
      "rootEmpty": true,
      "_timeout": 2000
    },
    {
      "uuid": "ca75bd62-f22a-44a6-84fe-cbddc9c3c835",
      "title": "",
      "fullFile": "cypress\\test-files\\login.cy.js",
      "file": "cypress\\test-files\\login.cy.js",
      "beforeHooks": [],
      "afterHooks": [],
      "tests": [],
      "suites": [
        {
          "uuid": "4c98eb1f-8eb6-4818-b9b7-282f681c2c4f",
          "title": "loginPage",
          "fullFile": "",
          "file": "",
          "beforeHooks": [],
          "afterHooks": [],
          "tests": [
            {
              "title": "should login with a valid user",
              "fullTitle": "loginPage should login with a valid user",
              "timedOut": null,
              "duration": 0,
              "state": "pending",
              "speed": null,
              "pass": false,
              "fail": false,
              "pending": false,
              "context": null,
              "code": "_login.default.login('standard_user', 'secret_sauce');\ncy.get(_login.default.inventoryList).should('be.visible');",
              "err": {},
              "uuid": "802f9ce6-ce56-4667-9b04-0bea46a4d34f",
              "parentUUID": "4c98eb1f-8eb6-4818-b9b7-282f681c2c4f",
              "isHook": false,
              "skipped": true
            },
            {
              "title": "should not login with lockedOutUser",
              "fullTitle": "loginPage should not login with lockedOutUser",
              "timedOut": null,
              "duration": 0,
              "state": "pending",
              "speed": null,
              "pass": false,
              "fail": false,
              "pending": false,
              "context": null,
              "code": "_login.default.login('locked_out_user', 'secret_sauce');\ncy.get(_login.default.lockedOutUser).should('be.visible');",
              "err": {},
              "uuid": "eaa9d956-bd03-4fac-b43c-dcab30fe07a6",
              "parentUUID": "4c98eb1f-8eb6-4818-b9b7-282f681c2c4f",
              "isHook": false,
              "skipped": true
            },
            {
              "title": "should not login with an incorrect password",
              "fullTitle": "loginPage should not login with an incorrect password",
              "timedOut": null,
              "duration": 0,
              "state": "pending",
              "speed": null,
              "pass": false,
              "fail": false,
              "pending": false,
              "context": null,
              "code": "_login.default.login('locked_out_user', '$ecret$auce');\ncy.get(_login.default.lockedOutUser).should('be.visible');",
              "err": {},
              "uuid": "575479e7-3805-4421-974e-f42a225382b8",
              "parentUUID": "4c98eb1f-8eb6-4818-b9b7-282f681c2c4f",
              "isHook": false,
              "skipped": true
            }
          ],
          "suites": [],
          "passes": [],
          "failures": [],
          "pending": [],
          "skipped": [
            "802f9ce6-ce56-4667-9b04-0bea46a4d34f",
            "eaa9d956-bd03-4fac-b43c-dcab30fe07a6",
            "575479e7-3805-4421-974e-f42a225382b8"
          ],
          "duration": 0,
          "root": false,
          "rootEmpty": false,
          "_timeout": 2000
        }
      ],
      "passes": [],
      "failures": [],
      "pending": [],
      "skipped": [],
      "duration": 0,
      "root": true,
      "rootEmpty": true,
      "_timeout": 2000
    },
    {
      "uuid": "cc4de3a4-f789-4d0c-834c-600485dc87d5",
      "title": "",
      "fullFile": "cypress\\test-files\\addToCartOneItem.cy.js",
      "file": "cypress\\test-files\\addToCartOneItem.cy.js",
      "beforeHooks": [],
      "afterHooks": [],
      "tests": [],
      "suites": [
        {
          "uuid": "33b8c0e3-7cca-4430-bffd-e6dd7c4dc048",
          "title": "Adding an item to cart",
          "fullFile": "",
          "file": "",
          "beforeHooks": [],
          "afterHooks": [],
          "tests": [
            {
              "title": "should login with a valid user",
              "fullTitle": "Adding an item to cart should login with a valid user",
              "timedOut": null,
              "duration": 0,
              "state": "pending",
              "speed": null,
              "pass": false,
              "fail": false,
              "pending": false,
              "context": null,
              "code": "_login.default.login('standard_user', 'secret_sauce');\ncy.get(_login.default.inventoryList).should('be.visible');",
              "err": {},
              "uuid": "ba87ae52-8f0b-452d-8dd0-829a98efc0dd",
              "parentUUID": "33b8c0e3-7cca-4430-bffd-e6dd7c4dc048",
              "isHook": false,
              "skipped": true
            },
            {
              "title": "should add Sauce Labs Bolt T-shirt item to cart",
              "fullTitle": "Adding an item to cart should add Sauce Labs Bolt T-shirt item to cart",
              "timedOut": null,
              "duration": 0,
              "state": "pending",
              "speed": null,
              "pass": false,
              "fail": false,
              "pending": false,
              "context": null,
              "code": "_addToCart.default.addCart();\ncy.get(_addToCart.default.cartIcon).should('have.text', 1); // cy.get(addToCart.removeSauceLabBoltButton).should('be.visible')\ncy.get(_addToCart.default.cartItemName).should('have.text', 'Sauce Labs Bolt T-shirt');",
              "err": {},
              "uuid": "6cbf2a60-2ace-4fe5-99f8-093e09141e8e",
              "parentUUID": "33b8c0e3-7cca-4430-bffd-e6dd7c4dc048",
              "isHook": false,
              "skipped": true
            }
          ],
          "suites": [],
          "passes": [],
          "failures": [],
          "pending": [],
          "skipped": [
            "ba87ae52-8f0b-452d-8dd0-829a98efc0dd",
            "6cbf2a60-2ace-4fe5-99f8-093e09141e8e"
          ],
          "duration": 0,
          "root": false,
          "rootEmpty": false,
          "_timeout": 2000
        }
      ],
      "passes": [],
      "failures": [],
      "pending": [],
      "skipped": [],
      "duration": 0,
      "root": true,
      "rootEmpty": true,
      "_timeout": 2000
    },
    {
      "uuid": "2e1b3e14-5ea2-499d-a81b-789ad33e335b",
      "title": "",
      "fullFile": "cypress\\test-files\\login.cy.js",
      "file": "cypress\\test-files\\login.cy.js",
      "beforeHooks": [],
      "afterHooks": [],
      "tests": [],
      "suites": [
        {
          "uuid": "891e0db8-e90f-4f18-b441-5e12976dfcfd",
          "title": "loginPage",
          "fullFile": "",
          "file": "",
          "beforeHooks": [],
          "afterHooks": [],
          "tests": [
            {
              "title": "should login with a valid user",
              "fullTitle": "loginPage should login with a valid user",
              "timedOut": null,
              "duration": 1560,
              "state": "passed",
              "speed": "fast",
              "pass": true,
              "fail": false,
              "pending": false,
              "context": null,
              "code": "_login.default.login('standard_user', 'secret_sauce');\ncy.get(_login.default.inventoryList).should('be.visible');",
              "err": {},
              "uuid": "b43d0b2f-b2df-4c9e-913a-d2405b416599",
              "parentUUID": "891e0db8-e90f-4f18-b441-5e12976dfcfd",
              "isHook": false,
              "skipped": false
            },
            {
              "title": "should not login with lockedOutUser",
              "fullTitle": "loginPage should not login with lockedOutUser",
              "timedOut": null,
              "duration": 1255,
              "state": "passed",
              "speed": "fast",
              "pass": true,
              "fail": false,
              "pending": false,
              "context": null,
              "code": "_login.default.login('locked_out_user', 'secret_sauce');\ncy.get(_login.default.lockedOutUser).should('be.visible');",
              "err": {},
              "uuid": "72d4fdfd-c42d-4415-9df8-694e7f9ad00b",
              "parentUUID": "891e0db8-e90f-4f18-b441-5e12976dfcfd",
              "isHook": false,
              "skipped": false
            },
            {
              "title": "should not login with an incorrect password",
              "fullTitle": "loginPage should not login with an incorrect password",
              "timedOut": null,
              "duration": 1399,
              "state": "passed",
              "speed": "fast",
              "pass": true,
              "fail": false,
              "pending": false,
              "context": null,
              "code": "_login.default.login('locked_out_user', '$ecret$auce');\ncy.get(_login.default.lockedOutUser).should('be.visible');",
              "err": {},
              "uuid": "830304c9-1a3d-4bd9-ac65-f4a35e7ea45f",
              "parentUUID": "891e0db8-e90f-4f18-b441-5e12976dfcfd",
              "isHook": false,
              "skipped": false
            }
          ],
          "suites": [],
          "passes": [
            "b43d0b2f-b2df-4c9e-913a-d2405b416599",
            "72d4fdfd-c42d-4415-9df8-694e7f9ad00b",
            "830304c9-1a3d-4bd9-ac65-f4a35e7ea45f"
          ],
          "failures": [],
          "pending": [],
          "skipped": [],
          "duration": 4214,
          "root": false,
          "rootEmpty": false,
          "_timeout": 2000
        }
      ],
      "passes": [],
      "failures": [],
      "pending": [],
      "skipped": [],
      "duration": 0,
      "root": true,
      "rootEmpty": true,
      "_timeout": 2000
    },
    {
      "uuid": "5f49d3c2-4752-48ce-8edb-0a10c3625cf2",
      "title": "",
      "fullFile": "cypress\\test-files\\addToCartOneItem.cy.js",
      "file": "cypress\\test-files\\addToCartOneItem.cy.js",
      "beforeHooks": [],
      "afterHooks": [],
      "tests": [],
      "suites": [
        {
          "uuid": "ea991913-1de2-420c-8f3d-ce89c758167b",
          "title": "Adding an item to cart",
          "fullFile": "",
          "file": "",
          "beforeHooks": [],
          "afterHooks": [],
          "tests": [
            {
              "title": "should add Sauce Labs Bolt T-shirt item to cart",
              "fullTitle": "Adding an item to cart should add Sauce Labs Bolt T-shirt item to cart",
              "timedOut": null,
              "duration": 6304,
              "state": "failed",
              "speed": null,
              "pass": false,
              "fail": true,
              "pending": false,
              "context": null,
              "code": "_login.default.login('standard_user', 'secret_sauce');\ncy.get(_login.default.inventoryList).should('be.visible');\n_addToCart.default.addCart();\ncy.get(_addToCart.default.cartIcon).should('have.text', 1);\ncy.get(_addToCart.default.removeSauceLabBoltButton).should('be.visible');\ncy.get(_addToCart.default.cartItemName).should('have.text', 'Sauce Labs Bolt T-shirt');",
              "err": {
                "message": "AssertionError: Timed out retrying after 4000ms: expected '<div.inventory_item_name>' to have text 'Sauce Labs Bolt T-shirt', but the text was 'Sauce Labs Bolt T-Shirt'",
                "estack": "AssertionError: Timed out retrying after 4000ms: expected '<div.inventory_item_name>' to have text 'Sauce Labs Bolt T-shirt', but the text was 'Sauce Labs Bolt T-Shirt'\n    at Context.eval (webpack:///./cypress/test-files/addToCartOneItem.cy.js:16:39)",
                "diff": "- 'Sauce Labs Bolt T-Shirt'\n+ 'Sauce Labs Bolt T-shirt'\n"
              },
              "uuid": "f9c7d122-b10b-4ca9-808b-f159a1c763be",
              "parentUUID": "ea991913-1de2-420c-8f3d-ce89c758167b",
              "isHook": false,
              "skipped": false
            }
          ],
          "suites": [],
          "passes": [],
          "failures": [
            "f9c7d122-b10b-4ca9-808b-f159a1c763be"
          ],
          "pending": [],
          "skipped": [],
          "duration": 6304,
          "root": false,
          "rootEmpty": false,
          "_timeout": 2000
        }
      ],
      "passes": [],
      "failures": [],
      "pending": [],
      "skipped": [],
      "duration": 0,
      "root": true,
      "rootEmpty": true,
      "_timeout": 2000
    },
    {
      "uuid": "06c2891e-1c45-4d80-acd3-a7fe30657b9d",
      "title": "",
      "fullFile": "cypress\\test-files\\login.cy.js",
      "file": "cypress\\test-files\\login.cy.js",
      "beforeHooks": [],
      "afterHooks": [],
      "tests": [],
      "suites": [
        {
          "uuid": "cedb3770-c4e3-469f-8e48-1c2428c23b48",
          "title": "loginPage",
          "fullFile": "",
          "file": "",
          "beforeHooks": [],
          "afterHooks": [],
          "tests": [
            {
              "title": "should login with a valid user",
              "fullTitle": "loginPage should login with a valid user",
              "timedOut": null,
              "duration": 0,
              "state": "pending",
              "speed": null,
              "pass": false,
              "fail": false,
              "pending": false,
              "context": null,
              "code": "_login.default.login('standard_user', 'secret_sauce');\ncy.get(_login.default.inventoryList).should('be.visible');",
              "err": {},
              "uuid": "4ce7d316-9088-4981-99b8-eb85978275e7",
              "parentUUID": "cedb3770-c4e3-469f-8e48-1c2428c23b48",
              "isHook": false,
              "skipped": true
            },
            {
              "title": "should not login with lockedOutUser",
              "fullTitle": "loginPage should not login with lockedOutUser",
              "timedOut": null,
              "duration": 0,
              "state": "pending",
              "speed": null,
              "pass": false,
              "fail": false,
              "pending": false,
              "context": null,
              "code": "_login.default.login('locked_out_user', 'secret_sauce');\ncy.get(_login.default.lockedOutUser).should('be.visible');",
              "err": {},
              "uuid": "6a61d290-2c2a-481b-b9eb-c04d3ebebd36",
              "parentUUID": "cedb3770-c4e3-469f-8e48-1c2428c23b48",
              "isHook": false,
              "skipped": true
            },
            {
              "title": "should not login with an incorrect password",
              "fullTitle": "loginPage should not login with an incorrect password",
              "timedOut": null,
              "duration": 0,
              "state": "pending",
              "speed": null,
              "pass": false,
              "fail": false,
              "pending": false,
              "context": null,
              "code": "_login.default.login('locked_out_user', '$ecret$auce');\ncy.get(_login.default.lockedOutUser).should('be.visible');",
              "err": {},
              "uuid": "1fc8f6ff-a5db-4383-a769-409e7a0998c4",
              "parentUUID": "cedb3770-c4e3-469f-8e48-1c2428c23b48",
              "isHook": false,
              "skipped": true
            }
          ],
          "suites": [],
          "passes": [],
          "failures": [],
          "pending": [],
          "skipped": [
            "4ce7d316-9088-4981-99b8-eb85978275e7",
            "6a61d290-2c2a-481b-b9eb-c04d3ebebd36",
            "1fc8f6ff-a5db-4383-a769-409e7a0998c4"
          ],
          "duration": 0,
          "root": false,
          "rootEmpty": false,
          "_timeout": 2000
        }
      ],
      "passes": [],
      "failures": [],
      "pending": [],
      "skipped": [],
      "duration": 0,
      "root": true,
      "rootEmpty": true,
      "_timeout": 2000
    },
    {
      "uuid": "5135bf84-f449-43c8-aaed-0cab5753bb74",
      "title": "",
      "fullFile": "cypress\\test-files\\addToCartOneItem.cy.js",
      "file": "cypress\\test-files\\addToCartOneItem.cy.js",
      "beforeHooks": [],
      "afterHooks": [],
      "tests": [],
      "suites": [
        {
          "uuid": "d5be170a-49ef-4a0f-8195-e73fe7043baa",
          "title": "Adding an item to cart",
          "fullFile": "",
          "file": "",
          "beforeHooks": [],
          "afterHooks": [],
          "tests": [
            {
              "title": "should add Sauce Labs Bolt T-shirt item to cart",
              "fullTitle": "Adding an item to cart should add Sauce Labs Bolt T-shirt item to cart",
              "timedOut": null,
              "duration": 1921,
              "state": "passed",
              "speed": "fast",
              "pass": true,
              "fail": false,
              "pending": false,
              "context": null,
              "code": "_login.default.login('standard_user', 'secret_sauce');\ncy.get(_login.default.inventoryList).should('be.visible');\n_addToCart.default.addCart();\ncy.get(_addToCart.default.cartIcon).should('have.text', 1);\ncy.get(_addToCart.default.removeSauceLabBoltButton).should('be.visible');\ncy.get(_addToCart.default.cartItemName).should('have.text', 'Sauce Labs Bolt T-Shirt');",
              "err": {},
              "uuid": "d077664a-faf2-4612-9f6f-368af72c7a43",
              "parentUUID": "d5be170a-49ef-4a0f-8195-e73fe7043baa",
              "isHook": false,
              "skipped": false
            }
          ],
          "suites": [],
          "passes": [
            "d077664a-faf2-4612-9f6f-368af72c7a43"
          ],
          "failures": [],
          "pending": [],
          "skipped": [],
          "duration": 1921,
          "root": false,
          "rootEmpty": false,
          "_timeout": 2000
        }
      ],
      "passes": [],
      "failures": [],
      "pending": [],
      "skipped": [],
      "duration": 0,
      "root": true,
      "rootEmpty": true,
      "_timeout": 2000
    },
    {
      "uuid": "96a6c2c8-72ab-44f9-8629-891c7e98d08e",
      "title": "",
      "fullFile": "cypress\\test-files\\login.cy.js",
      "file": "cypress\\test-files\\login.cy.js",
      "beforeHooks": [],
      "afterHooks": [],
      "tests": [],
      "suites": [
        {
          "uuid": "90223393-6101-4579-bc70-f19cdc09cd0c",
          "title": "loginPage",
          "fullFile": "",
          "file": "",
          "beforeHooks": [],
          "afterHooks": [],
          "tests": [
            {
              "title": "should login with a valid user",
              "fullTitle": "loginPage should login with a valid user",
              "timedOut": null,
              "duration": 0,
              "state": "pending",
              "speed": null,
              "pass": false,
              "fail": false,
              "pending": false,
              "context": null,
              "code": "_login.default.login('standard_user', 'secret_sauce');\ncy.get(_login.default.inventoryList).should('be.visible');",
              "err": {},
              "uuid": "706bb01a-ede2-48c9-97bc-4436fee742a0",
              "parentUUID": "90223393-6101-4579-bc70-f19cdc09cd0c",
              "isHook": false,
              "skipped": true
            },
            {
              "title": "should not login with lockedOutUser",
              "fullTitle": "loginPage should not login with lockedOutUser",
              "timedOut": null,
              "duration": 0,
              "state": "pending",
              "speed": null,
              "pass": false,
              "fail": false,
              "pending": false,
              "context": null,
              "code": "_login.default.login('locked_out_user', 'secret_sauce');\ncy.get(_login.default.lockedOutUser).should('be.visible');",
              "err": {},
              "uuid": "c14c0b29-989f-4cad-b34b-cdec0a1c9837",
              "parentUUID": "90223393-6101-4579-bc70-f19cdc09cd0c",
              "isHook": false,
              "skipped": true
            },
            {
              "title": "should not login with an incorrect password",
              "fullTitle": "loginPage should not login with an incorrect password",
              "timedOut": null,
              "duration": 0,
              "state": "pending",
              "speed": null,
              "pass": false,
              "fail": false,
              "pending": false,
              "context": null,
              "code": "_login.default.login('locked_out_user', '$ecret$auce');\ncy.get(_login.default.lockedOutUser).should('be.visible');",
              "err": {},
              "uuid": "fe5bbea9-01ba-467f-998d-ecacd13bc065",
              "parentUUID": "90223393-6101-4579-bc70-f19cdc09cd0c",
              "isHook": false,
              "skipped": true
            }
          ],
          "suites": [],
          "passes": [],
          "failures": [],
          "pending": [],
          "skipped": [
            "706bb01a-ede2-48c9-97bc-4436fee742a0",
            "c14c0b29-989f-4cad-b34b-cdec0a1c9837",
            "fe5bbea9-01ba-467f-998d-ecacd13bc065"
          ],
          "duration": 0,
          "root": false,
          "rootEmpty": false,
          "_timeout": 2000
        }
      ],
      "passes": [],
      "failures": [],
      "pending": [],
      "skipped": [],
      "duration": 0,
      "root": true,
      "rootEmpty": true,
      "_timeout": 2000
    },
    {
      "uuid": "dfe65e0a-ead3-40d3-8dac-d18c0498c978",
      "title": "",
      "fullFile": "cypress\\test-files\\addToCartOneItem.cy.js",
      "file": "cypress\\test-files\\addToCartOneItem.cy.js",
      "beforeHooks": [],
      "afterHooks": [],
      "tests": [],
      "suites": [
        {
          "uuid": "382664c1-ff77-4a7c-a597-b94bc39f611c",
          "title": "Adding an item to cart",
          "fullFile": "",
          "file": "",
          "beforeHooks": [],
          "afterHooks": [],
          "tests": [
            {
              "title": "should add Sauce Labs Bolt T-shirt item to cart",
              "fullTitle": "Adding an item to cart should add Sauce Labs Bolt T-shirt item to cart",
              "timedOut": null,
              "duration": 0,
              "state": "pending",
              "speed": null,
              "pass": false,
              "fail": false,
              "pending": false,
              "context": null,
              "code": "_login.default.login('standard_user', 'secret_sauce');\ncy.get(_login.default.inventoryList).should('be.visible');\n_addToCart.default.addCart();\ncy.get(_addToCart.default.cartIcon).should('have.text', 1);\ncy.get(_addToCart.default.removeSauceLabBoltButton).should('be.visible');\ncy.get(_addToCart.default.cartItemName).should('have.text', 'Sauce Labs Bolt T-Shirt');",
              "err": {},
              "uuid": "8a7767c7-412b-474a-9d4f-628ea6598b71",
              "parentUUID": "382664c1-ff77-4a7c-a597-b94bc39f611c",
              "isHook": false,
              "skipped": true
            }
          ],
          "suites": [],
          "passes": [],
          "failures": [],
          "pending": [],
          "skipped": [
            "8a7767c7-412b-474a-9d4f-628ea6598b71"
          ],
          "duration": 0,
          "root": false,
          "rootEmpty": false,
          "_timeout": 2000
        }
      ],
      "passes": [],
      "failures": [],
      "pending": [],
      "skipped": [],
      "duration": 0,
      "root": true,
      "rootEmpty": true,
      "_timeout": 2000
    },
    {
      "uuid": "3f1104c8-48ea-4d4c-9de6-26b9f5f75176",
      "title": "",
      "fullFile": "cypress\\test-files\\login.cy.js",
      "file": "cypress\\test-files\\login.cy.js",
      "beforeHooks": [],
      "afterHooks": [],
      "tests": [],
      "suites": [
        {
          "uuid": "6ed7a565-f638-43a0-b50f-4103a8a578dd",
          "title": "loginPage",
          "fullFile": "",
          "file": "",
          "beforeHooks": [],
          "afterHooks": [],
          "tests": [
            {
              "title": "should login with a valid user",
              "fullTitle": "loginPage should login with a valid user",
              "timedOut": null,
              "duration": 0,
              "state": "pending",
              "speed": null,
              "pass": false,
              "fail": false,
              "pending": false,
              "context": null,
              "code": "_login.default.login('standard_user', 'secret_sauce');\ncy.get(_login.default.inventoryList).should('be.visible');",
              "err": {},
              "uuid": "c08c33e5-adc8-4e05-8dd5-2e35489c3058",
              "parentUUID": "6ed7a565-f638-43a0-b50f-4103a8a578dd",
              "isHook": false,
              "skipped": true
            },
            {
              "title": "should not login with lockedOutUser",
              "fullTitle": "loginPage should not login with lockedOutUser",
              "timedOut": null,
              "duration": 0,
              "state": "pending",
              "speed": null,
              "pass": false,
              "fail": false,
              "pending": false,
              "context": null,
              "code": "_login.default.login('locked_out_user', 'secret_sauce');\ncy.get(_login.default.lockedOutUser).should('be.visible');",
              "err": {},
              "uuid": "f314dd6e-cf31-426b-9ac2-cc0f1e6c817e",
              "parentUUID": "6ed7a565-f638-43a0-b50f-4103a8a578dd",
              "isHook": false,
              "skipped": true
            },
            {
              "title": "should not login with an incorrect password",
              "fullTitle": "loginPage should not login with an incorrect password",
              "timedOut": null,
              "duration": 0,
              "state": "pending",
              "speed": null,
              "pass": false,
              "fail": false,
              "pending": false,
              "context": null,
              "code": "_login.default.login('locked_out_user', '$ecret$auce');\ncy.get(_login.default.lockedOutUser).should('be.visible');",
              "err": {},
              "uuid": "13e9d2b8-1b51-476a-af29-f383037b79a4",
              "parentUUID": "6ed7a565-f638-43a0-b50f-4103a8a578dd",
              "isHook": false,
              "skipped": true
            }
          ],
          "suites": [],
          "passes": [],
          "failures": [],
          "pending": [],
          "skipped": [
            "c08c33e5-adc8-4e05-8dd5-2e35489c3058",
            "f314dd6e-cf31-426b-9ac2-cc0f1e6c817e",
            "13e9d2b8-1b51-476a-af29-f383037b79a4"
          ],
          "duration": 0,
          "root": false,
          "rootEmpty": false,
          "_timeout": 2000
        }
      ],
      "passes": [],
      "failures": [],
      "pending": [],
      "skipped": [],
      "duration": 0,
      "root": true,
      "rootEmpty": true,
      "_timeout": 2000
    },
    {
      "uuid": "43eb9d9a-e907-4309-a521-f838d6ce90ab",
      "title": "",
      "fullFile": "cypress\\test-files\\removeItems.cy.js",
      "file": "cypress\\test-files\\removeItems.cy.js",
      "beforeHooks": [],
      "afterHooks": [],
      "tests": [],
      "suites": [
        {
          "uuid": "307b566d-d923-411d-8d7b-ba63cdaae980",
          "title": "Removing an item from thecart",
          "fullFile": "",
          "file": "",
          "beforeHooks": [],
          "afterHooks": [],
          "tests": [
            {
              "title": "should remove Sauce Labs Bolt T-shirt from the cart",
              "fullTitle": "Removing an item from thecart should remove Sauce Labs Bolt T-shirt from the cart",
              "timedOut": null,
              "duration": 2310,
              "state": "passed",
              "speed": "fast",
              "pass": true,
              "fail": false,
              "pending": false,
              "context": null,
              "code": "_login.default.login('standard_user', 'secret_sauce');\ncy.get(_login.default.inventoryList).should('be.visible');\n_addToCart.default.addCart();\ncy.get(_addToCart.default.cartIcon).should('have.text', 1);\ncy.get(_addToCart.default.removeSauceLabBoltButton).should('be.visible');\ncy.get(_addToCart.default.cartItemName).should('have.text', 'Sauce Labs Bolt T-Shirt');\n_addToCart.default.removeItemFromCart();\ncy.get(_addToCart.default.cartItemName).should('not.exist');",
              "err": {},
              "uuid": "84a7e06e-9744-46f7-8439-a252422db503",
              "parentUUID": "307b566d-d923-411d-8d7b-ba63cdaae980",
              "isHook": false,
              "skipped": false
            }
          ],
          "suites": [],
          "passes": [
            "84a7e06e-9744-46f7-8439-a252422db503"
          ],
          "failures": [],
          "pending": [],
          "skipped": [],
          "duration": 2310,
          "root": false,
          "rootEmpty": false,
          "_timeout": 2000
        }
      ],
      "passes": [],
      "failures": [],
      "pending": [],
      "skipped": [],
      "duration": 0,
      "root": true,
      "rootEmpty": true,
      "_timeout": 2000
    }
  ],
  "meta": {
    "mocha": {
      "version": "7.0.1"
    },
    "mochawesome": {
      "options": {
        "quiet": false,
        "reportFilename": "mochawesome",
        "saveHtml": false,
        "saveJson": true,
        "consoleReporter": "spec",
        "useInlineDiffs": false,
        "code": true
      },
      "version": "7.1.3"
    },
    "marge": {
      "options": {
        "reportDir": "cypress/reports",
        "overwrite": false,
        "html": false,
        "json": true
      },
      "version": "6.2.0"
    }
  }
}