{
  "stats": {
    "suites": 7,
    "tests": 21,
    "passes": 15,
    "pending": 0,
    "failures": 6,
    "start": "2022-11-29T20:49:47.794Z",
    "end": "2022-11-30T02:45:04.251Z",
    "duration": 42153,
    "testsRegistered": 21,
    "passPercent": 71.42857142857143,
    "pendingPercent": 0,
    "other": 0,
    "hasOther": false,
    "skipped": 0,
    "hasSkipped": false
  },
  "results": [
    {
      "uuid": "6d6751a3-cca4-4074-a434-6f44f9b401e4",
      "title": "",
      "fullFile": "cypress\\test-files\\login.cy.js",
      "file": "cypress\\test-files\\login.cy.js",
      "beforeHooks": [],
      "afterHooks": [],
      "tests": [],
      "suites": [
        {
          "uuid": "fc4f20b9-ff01-4519-8938-5cd538e818ba",
          "title": "loginPage",
          "fullFile": "",
          "file": "",
          "beforeHooks": [],
          "afterHooks": [],
          "tests": [
            {
              "title": "should login with a valid user",
              "fullTitle": "loginPage should login with a valid user",
              "timedOut": null,
              "duration": 1591,
              "state": "passed",
              "speed": "fast",
              "pass": true,
              "fail": false,
              "pending": false,
              "context": null,
              "code": "_login.default.login('standard_user', 'secret_sauce');\ncy.get(_login.default.inventoryList).should('be.visible');",
              "err": {},
              "uuid": "d60d16c2-5230-4088-8808-4804bb4bcfa8",
              "parentUUID": "fc4f20b9-ff01-4519-8938-5cd538e818ba",
              "isHook": false,
              "skipped": false
            },
            {
              "title": "should not login with an invalid user",
              "fullTitle": "loginPage should not login with an invalid user",
              "timedOut": null,
              "duration": 1148,
              "state": "passed",
              "speed": "fast",
              "pass": true,
              "fail": false,
              "pending": false,
              "context": null,
              "code": "_login.default.login('locked_out_user', 'secret_sauce'); // cy.get(loginPage.inventoryList).should('be.visible')",
              "err": {},
              "uuid": "88a2ceb7-053d-4947-be8f-4615c3707e73",
              "parentUUID": "fc4f20b9-ff01-4519-8938-5cd538e818ba",
              "isHook": false,
              "skipped": false
            },
            {
              "title": "should not login with an incorrect password",
              "fullTitle": "loginPage should not login with an incorrect password",
              "timedOut": null,
              "duration": 1019,
              "state": "passed",
              "speed": "fast",
              "pass": true,
              "fail": false,
              "pending": false,
              "context": null,
              "code": "_login.default.login('locked_out_user', '$ecret$auce'); // cy.get(loginPage.inventoryList).should('be.visible')",
              "err": {},
              "uuid": "4fd8cd1f-19eb-4264-a6eb-1c18a1a6e8b4",
              "parentUUID": "fc4f20b9-ff01-4519-8938-5cd538e818ba",
              "isHook": false,
              "skipped": false
            }
          ],
          "suites": [],
          "passes": [
            "d60d16c2-5230-4088-8808-4804bb4bcfa8",
            "88a2ceb7-053d-4947-be8f-4615c3707e73",
            "4fd8cd1f-19eb-4264-a6eb-1c18a1a6e8b4"
          ],
          "failures": [],
          "pending": [],
          "skipped": [],
          "duration": 3758,
          "root": false,
          "rootEmpty": false,
          "_timeout": 2000
        }
      ],
      "passes": [],
      "failures": [],
      "pending": [],
      "skipped": [],
      "duration": 0,
      "root": true,
      "rootEmpty": true,
      "_timeout": 2000
    },
    {
      "uuid": "74eaa69c-71c6-47b9-b97e-0646e713b09d",
      "title": "",
      "fullFile": "cypress\\test-files\\login.cy.js",
      "file": "cypress\\test-files\\login.cy.js",
      "beforeHooks": [],
      "afterHooks": [],
      "tests": [],
      "suites": [
        {
          "uuid": "1f3a452d-46c5-4e42-8555-d63dbc55c50c",
          "title": "loginPage",
          "fullFile": "",
          "file": "",
          "beforeHooks": [],
          "afterHooks": [],
          "tests": [
            {
              "title": "should login with a valid user",
              "fullTitle": "loginPage should login with a valid user",
              "timedOut": null,
              "duration": 2679,
              "state": "passed",
              "speed": "fast",
              "pass": true,
              "fail": false,
              "pending": false,
              "context": null,
              "code": "_login.default.login('standard_user', 'secret_sauce');\ncy.get(_login.default.inventoryList).should('be.visible');",
              "err": {},
              "uuid": "62966808-a5cb-4a25-85a4-4ee0d81e54bc",
              "parentUUID": "1f3a452d-46c5-4e42-8555-d63dbc55c50c",
              "isHook": false,
              "skipped": false
            },
            {
              "title": "should not login with an invalid user",
              "fullTitle": "loginPage should not login with an invalid user",
              "timedOut": null,
              "duration": 5468,
              "state": "failed",
              "speed": null,
              "pass": false,
              "fail": true,
              "pending": false,
              "context": null,
              "code": "_login.default.login('locked_out_user', 'secret_sauce');\ncy.get(_login.default.inventoryList).should('not.be.visible');",
              "err": {
                "message": "AssertionError: Timed out retrying after 4000ms: Expected to find element: `#inventory_container`, but never found it.",
                "estack": "AssertionError: Timed out retrying after 4000ms: Expected to find element: `#inventory_container`, but never found it.\n    at Context.eval (webpack:///./cypress/test-files/login.cy.js:17:40)",
                "diff": null
              },
              "uuid": "837e92c0-b90c-41af-bb2e-013d8d3ef77f",
              "parentUUID": "1f3a452d-46c5-4e42-8555-d63dbc55c50c",
              "isHook": false,
              "skipped": false
            },
            {
              "title": "should not login with an incorrect password",
              "fullTitle": "loginPage should not login with an incorrect password",
              "timedOut": null,
              "duration": 419,
              "state": "failed",
              "speed": null,
              "pass": false,
              "fail": true,
              "pending": false,
              "context": null,
              "code": "_login.default.login('locked_out_user', '$ecret$auce'); // cy.get(loginPage.inventoryList).should('be.visible')",
              "err": {
                "message": "TypeError: Cannot set property message of  which has only a getter\n\nBecause this error occurred during a `before each` hook we are skipping the remaining tests in the current suite: `loginPage`",
                "estack": "TypeError: Cannot set property message of  which has only a getter\n\nBecause this error occurred during a `before each` hook we are skipping the remaining tests in the current suite: `loginPage`\n    at modifyErrMsg (https://www.saucedemo.com/__cypress/runner/cypress_runner.js:161203:15)\n    at Object.appendErrMsg (https://www.saucedemo.com/__cypress/runner/cypress_runner.js:161209:10)\n    at Runner.<anonymous> (https://www.saucedemo.com/__cypress/runner/cypress_runner.js:164913:76)\n    at Runner.emit (https://www.saucedemo.com/__cypress/runner/cypress_runner.js:20883:7)\n    at ../driver/node_modules/mocha/lib/runner.js.Runner.fail (https://www.saucedemo.com/__cypress/runner/cypress_runner.js:108427:8)\n    at Runner.fail (https://www.saucedemo.com/__cypress/runner/cypress_runner.js:163086:25)\n    at ../driver/node_modules/mocha/lib/runner.js.Runner.failHook (https://www.saucedemo.com/__cypress/runner/cypress_runner.js:108465:8)\n    at Hook.<anonymous> (https://www.saucedemo.com/__cypress/runner/cypress_runner.js:108539:14)\n    at next (https://www.saucedemo.com/__cypress/runner/cypress_runner.js:165349:24)\n    at https://www.saucedemo.com/__cypress/runner/cypress_runner.js:165378:13\n    at tryCatcher (https://www.saucedemo.com/__cypress/runner/cypress_runner.js:11327:23)\n    at Promise._settlePromiseFromHandler (https://www.saucedemo.com/__cypress/runner/cypress_runner.js:9262:31)\n    at Promise._settlePromise (https://www.saucedemo.com/__cypress/runner/cypress_runner.js:9319:18)\n    at Promise._settlePromise0 (https://www.saucedemo.com/__cypress/runner/cypress_runner.js:9364:10)\n    at Promise._settlePromises (https://www.saucedemo.com/__cypress/runner/cypress_runner.js:9444:18)\n    at Promise._fulfill (https://www.saucedemo.com/__cypress/runner/cypress_runner.js:9388:18)\n    at Promise._resolveCallback (https://www.saucedemo.com/__cypress/runner/cypress_runner.js:9182:57)\n    at Promise._settlePromiseFromHandler (https://www.saucedemo.com/__cypress/runner/cypress_runner.js:9274:17)\n    at Promise._settlePromise (https://www.saucedemo.com/__cypress/runner/cypress_runner.js:9319:18)\n    at Promise._settlePromise0 (https://www.saucedemo.com/__cypress/runner/cypress_runner.js:9364:10)\n    at Promise._settlePromises (https://www.saucedemo.com/__cypress/runner/cypress_runner.js:9444:18)\n    at Promise._fulfill (https://www.saucedemo.com/__cypress/runner/cypress_runner.js:9388:18)",
                "diff": null
              },
              "uuid": "1103ed4b-7476-418c-b8de-8c531fba87e7",
              "parentUUID": "1f3a452d-46c5-4e42-8555-d63dbc55c50c",
              "isHook": false,
              "skipped": false
            }
          ],
          "suites": [],
          "passes": [
            "62966808-a5cb-4a25-85a4-4ee0d81e54bc"
          ],
          "failures": [
            "837e92c0-b90c-41af-bb2e-013d8d3ef77f",
            "1103ed4b-7476-418c-b8de-8c531fba87e7"
          ],
          "pending": [],
          "skipped": [],
          "duration": 8566,
          "root": false,
          "rootEmpty": false,
          "_timeout": 2000
        }
      ],
      "passes": [],
      "failures": [],
      "pending": [],
      "skipped": [],
      "duration": 0,
      "root": true,
      "rootEmpty": true,
      "_timeout": 2000
    },
    {
      "uuid": "de1708ec-758d-41fb-b658-06b969bdcaed",
      "title": "",
      "fullFile": "cypress\\test-files\\login.cy.js",
      "file": "cypress\\test-files\\login.cy.js",
      "beforeHooks": [],
      "afterHooks": [],
      "tests": [],
      "suites": [
        {
          "uuid": "96d9e47a-eaf7-4ef2-8746-d663d2ee66ef",
          "title": "loginPage",
          "fullFile": "",
          "file": "",
          "beforeHooks": [],
          "afterHooks": [],
          "tests": [
            {
              "title": "should login with a valid user",
              "fullTitle": "loginPage should login with a valid user",
              "timedOut": null,
              "duration": 2802,
              "state": "passed",
              "speed": "fast",
              "pass": true,
              "fail": false,
              "pending": false,
              "context": null,
              "code": "_login.default.login('standard_user', 'secret_sauce');\ncy.get(_login.default.inventoryList).should('be.visible');",
              "err": {},
              "uuid": "1a18affb-60a2-4467-a1d2-d51abbc20d3d",
              "parentUUID": "96d9e47a-eaf7-4ef2-8746-d663d2ee66ef",
              "isHook": false,
              "skipped": false
            },
            {
              "title": "should not login with an invalid user",
              "fullTitle": "loginPage should not login with an invalid user",
              "timedOut": null,
              "duration": 5611,
              "state": "failed",
              "speed": null,
              "pass": false,
              "fail": true,
              "pending": false,
              "context": null,
              "code": "_login.default.login('locked_out_user', 'secret_sauce');\ncy.get(_login.default.inventoryList).should('be.visible');",
              "err": {
                "message": "AssertionError: Timed out retrying after 4000ms: Expected to find element: `#inventory_container`, but never found it.",
                "estack": "AssertionError: Timed out retrying after 4000ms: Expected to find element: `#inventory_container`, but never found it.\n    at Context.eval (webpack:///./cypress/test-files/login.cy.js:17:40)",
                "diff": null
              },
              "uuid": "8fa5d37c-ec4e-4ce8-bc68-090daced1d4e",
              "parentUUID": "96d9e47a-eaf7-4ef2-8746-d663d2ee66ef",
              "isHook": false,
              "skipped": false
            },
            {
              "title": "should not login with an incorrect password",
              "fullTitle": "loginPage should not login with an incorrect password",
              "timedOut": null,
              "duration": 358,
              "state": "failed",
              "speed": null,
              "pass": false,
              "fail": true,
              "pending": false,
              "context": null,
              "code": "_login.default.login('locked_out_user', '$ecret$auce'); // cy.get(loginPage.inventoryList).should('be.visible')",
              "err": {
                "message": "TypeError: Cannot set property message of  which has only a getter\n\nBecause this error occurred during a `before each` hook we are skipping the remaining tests in the current suite: `loginPage`",
                "estack": "TypeError: Cannot set property message of  which has only a getter\n\nBecause this error occurred during a `before each` hook we are skipping the remaining tests in the current suite: `loginPage`\n    at modifyErrMsg (https://www.saucedemo.com/__cypress/runner/cypress_runner.js:161203:15)\n    at Object.appendErrMsg (https://www.saucedemo.com/__cypress/runner/cypress_runner.js:161209:10)\n    at Runner.<anonymous> (https://www.saucedemo.com/__cypress/runner/cypress_runner.js:164913:76)\n    at Runner.emit (https://www.saucedemo.com/__cypress/runner/cypress_runner.js:20883:7)\n    at ../driver/node_modules/mocha/lib/runner.js.Runner.fail (https://www.saucedemo.com/__cypress/runner/cypress_runner.js:108427:8)\n    at Runner.fail (https://www.saucedemo.com/__cypress/runner/cypress_runner.js:163086:25)\n    at ../driver/node_modules/mocha/lib/runner.js.Runner.failHook (https://www.saucedemo.com/__cypress/runner/cypress_runner.js:108465:8)\n    at Hook.<anonymous> (https://www.saucedemo.com/__cypress/runner/cypress_runner.js:108539:14)\n    at next (https://www.saucedemo.com/__cypress/runner/cypress_runner.js:165349:24)\n    at https://www.saucedemo.com/__cypress/runner/cypress_runner.js:165378:13\n    at tryCatcher (https://www.saucedemo.com/__cypress/runner/cypress_runner.js:11327:23)\n    at Promise._settlePromiseFromHandler (https://www.saucedemo.com/__cypress/runner/cypress_runner.js:9262:31)\n    at Promise._settlePromise (https://www.saucedemo.com/__cypress/runner/cypress_runner.js:9319:18)\n    at Promise._settlePromise0 (https://www.saucedemo.com/__cypress/runner/cypress_runner.js:9364:10)\n    at Promise._settlePromises (https://www.saucedemo.com/__cypress/runner/cypress_runner.js:9444:18)\n    at Promise._fulfill (https://www.saucedemo.com/__cypress/runner/cypress_runner.js:9388:18)\n    at Promise._resolveCallback (https://www.saucedemo.com/__cypress/runner/cypress_runner.js:9182:57)\n    at Promise._settlePromiseFromHandler (https://www.saucedemo.com/__cypress/runner/cypress_runner.js:9274:17)\n    at Promise._settlePromise (https://www.saucedemo.com/__cypress/runner/cypress_runner.js:9319:18)\n    at Promise._settlePromise0 (https://www.saucedemo.com/__cypress/runner/cypress_runner.js:9364:10)\n    at Promise._settlePromises (https://www.saucedemo.com/__cypress/runner/cypress_runner.js:9444:18)\n    at Promise._fulfill (https://www.saucedemo.com/__cypress/runner/cypress_runner.js:9388:18)",
                "diff": null
              },
              "uuid": "15c95fc8-ad6a-4491-b7bd-ee5004fed8d5",
              "parentUUID": "96d9e47a-eaf7-4ef2-8746-d663d2ee66ef",
              "isHook": false,
              "skipped": false
            }
          ],
          "suites": [],
          "passes": [
            "1a18affb-60a2-4467-a1d2-d51abbc20d3d"
          ],
          "failures": [
            "8fa5d37c-ec4e-4ce8-bc68-090daced1d4e",
            "15c95fc8-ad6a-4491-b7bd-ee5004fed8d5"
          ],
          "pending": [],
          "skipped": [],
          "duration": 8771,
          "root": false,
          "rootEmpty": false,
          "_timeout": 2000
        }
      ],
      "passes": [],
      "failures": [],
      "pending": [],
      "skipped": [],
      "duration": 0,
      "root": true,
      "rootEmpty": true,
      "_timeout": 2000
    },
    {
      "uuid": "3361a633-86fa-4564-9553-d762292a86ad",
      "title": "",
      "fullFile": "cypress\\test-files\\login.cy.js",
      "file": "cypress\\test-files\\login.cy.js",
      "beforeHooks": [],
      "afterHooks": [],
      "tests": [],
      "suites": [
        {
          "uuid": "7109d311-1208-4557-97eb-d7e0124c4020",
          "title": "loginPage",
          "fullFile": "",
          "file": "",
          "beforeHooks": [],
          "afterHooks": [],
          "tests": [
            {
              "title": "should login with a valid user",
              "fullTitle": "loginPage should login with a valid user",
              "timedOut": null,
              "duration": 2270,
              "state": "passed",
              "speed": "fast",
              "pass": true,
              "fail": false,
              "pending": false,
              "context": null,
              "code": "_login.default.login('standard_user', 'secret_sauce');\ncy.get(_login.default.inventoryList).should('be.visible');",
              "err": {},
              "uuid": "7614f8fc-a3cb-4266-aef9-76e4a6b8a3a4",
              "parentUUID": "7109d311-1208-4557-97eb-d7e0124c4020",
              "isHook": false,
              "skipped": false
            },
            {
              "title": "should not login with an invalid user",
              "fullTitle": "loginPage should not login with an invalid user",
              "timedOut": null,
              "duration": 5517,
              "state": "failed",
              "speed": null,
              "pass": false,
              "fail": true,
              "pending": false,
              "context": null,
              "code": "_login.default.login('locked_out_user', 'secret_sauce');\ncy.get(_login.default.inventoryList).should('not.be.visible');",
              "err": {
                "message": "AssertionError: Timed out retrying after 4000ms: Expected to find element: `#inventory_container`, but never found it.",
                "estack": "AssertionError: Timed out retrying after 4000ms: Expected to find element: `#inventory_container`, but never found it.\n    at Context.eval (webpack:///./cypress/test-files/login.cy.js:17:40)",
                "diff": null
              },
              "uuid": "492a193d-e54b-4a34-8491-666435ccbc18",
              "parentUUID": "7109d311-1208-4557-97eb-d7e0124c4020",
              "isHook": false,
              "skipped": false
            },
            {
              "title": "should not login with an incorrect password",
              "fullTitle": "loginPage should not login with an incorrect password",
              "timedOut": null,
              "duration": 286,
              "state": "failed",
              "speed": null,
              "pass": false,
              "fail": true,
              "pending": false,
              "context": null,
              "code": "_login.default.login('locked_out_user', '$ecret$auce'); // cy.get(loginPage.inventoryList).should('be.visible')",
              "err": {
                "message": "TypeError: Cannot set property message of  which has only a getter\n\nBecause this error occurred during a `before each` hook we are skipping the remaining tests in the current suite: `loginPage`",
                "estack": "TypeError: Cannot set property message of  which has only a getter\n\nBecause this error occurred during a `before each` hook we are skipping the remaining tests in the current suite: `loginPage`\n    at modifyErrMsg (https://www.saucedemo.com/__cypress/runner/cypress_runner.js:161203:15)\n    at Object.appendErrMsg (https://www.saucedemo.com/__cypress/runner/cypress_runner.js:161209:10)\n    at Runner.<anonymous> (https://www.saucedemo.com/__cypress/runner/cypress_runner.js:164913:76)\n    at Runner.emit (https://www.saucedemo.com/__cypress/runner/cypress_runner.js:20883:7)\n    at ../driver/node_modules/mocha/lib/runner.js.Runner.fail (https://www.saucedemo.com/__cypress/runner/cypress_runner.js:108427:8)\n    at Runner.fail (https://www.saucedemo.com/__cypress/runner/cypress_runner.js:163086:25)\n    at ../driver/node_modules/mocha/lib/runner.js.Runner.failHook (https://www.saucedemo.com/__cypress/runner/cypress_runner.js:108465:8)\n    at Hook.<anonymous> (https://www.saucedemo.com/__cypress/runner/cypress_runner.js:108539:14)\n    at next (https://www.saucedemo.com/__cypress/runner/cypress_runner.js:165349:24)\n    at https://www.saucedemo.com/__cypress/runner/cypress_runner.js:165378:13\n    at tryCatcher (https://www.saucedemo.com/__cypress/runner/cypress_runner.js:11327:23)\n    at Promise._settlePromiseFromHandler (https://www.saucedemo.com/__cypress/runner/cypress_runner.js:9262:31)\n    at Promise._settlePromise (https://www.saucedemo.com/__cypress/runner/cypress_runner.js:9319:18)\n    at Promise._settlePromise0 (https://www.saucedemo.com/__cypress/runner/cypress_runner.js:9364:10)\n    at Promise._settlePromises (https://www.saucedemo.com/__cypress/runner/cypress_runner.js:9444:18)\n    at Promise._fulfill (https://www.saucedemo.com/__cypress/runner/cypress_runner.js:9388:18)\n    at Promise._resolveCallback (https://www.saucedemo.com/__cypress/runner/cypress_runner.js:9182:57)\n    at Promise._settlePromiseFromHandler (https://www.saucedemo.com/__cypress/runner/cypress_runner.js:9274:17)\n    at Promise._settlePromise (https://www.saucedemo.com/__cypress/runner/cypress_runner.js:9319:18)\n    at Promise._settlePromise0 (https://www.saucedemo.com/__cypress/runner/cypress_runner.js:9364:10)\n    at Promise._settlePromises (https://www.saucedemo.com/__cypress/runner/cypress_runner.js:9444:18)\n    at Promise._fulfill (https://www.saucedemo.com/__cypress/runner/cypress_runner.js:9388:18)",
                "diff": null
              },
              "uuid": "df124959-d743-4cd8-8a94-5e21e1f2c312",
              "parentUUID": "7109d311-1208-4557-97eb-d7e0124c4020",
              "isHook": false,
              "skipped": false
            }
          ],
          "suites": [],
          "passes": [
            "7614f8fc-a3cb-4266-aef9-76e4a6b8a3a4"
          ],
          "failures": [
            "492a193d-e54b-4a34-8491-666435ccbc18",
            "df124959-d743-4cd8-8a94-5e21e1f2c312"
          ],
          "pending": [],
          "skipped": [],
          "duration": 8073,
          "root": false,
          "rootEmpty": false,
          "_timeout": 2000
        }
      ],
      "passes": [],
      "failures": [],
      "pending": [],
      "skipped": [],
      "duration": 0,
      "root": true,
      "rootEmpty": true,
      "_timeout": 2000
    },
    {
      "uuid": "9efa081d-a81e-4b11-92c6-dd3935924325",
      "title": "",
      "fullFile": "cypress\\test-files\\login.cy.js",
      "file": "cypress\\test-files\\login.cy.js",
      "beforeHooks": [],
      "afterHooks": [],
      "tests": [],
      "suites": [
        {
          "uuid": "017c041e-295f-4e0e-ab3b-0342527deeae",
          "title": "loginPage",
          "fullFile": "",
          "file": "",
          "beforeHooks": [],
          "afterHooks": [],
          "tests": [
            {
              "title": "should login with a valid user",
              "fullTitle": "loginPage should login with a valid user",
              "timedOut": null,
              "duration": 1612,
              "state": "passed",
              "speed": "fast",
              "pass": true,
              "fail": false,
              "pending": false,
              "context": null,
              "code": "_login.default.login('standard_user', 'secret_sauce');\ncy.get(_login.default.inventoryList).should('be.visible');",
              "err": {},
              "uuid": "d9626b4c-6349-4d13-be0c-08cf62b81dcc",
              "parentUUID": "017c041e-295f-4e0e-ab3b-0342527deeae",
              "isHook": false,
              "skipped": false
            },
            {
              "title": "should not login with an invalid user",
              "fullTitle": "loginPage should not login with an invalid user",
              "timedOut": null,
              "duration": 1141,
              "state": "passed",
              "speed": "fast",
              "pass": true,
              "fail": false,
              "pending": false,
              "context": null,
              "code": "_login.default.login('locked_out_user', 'secret_sauce'); // cy.get(loginPage.inventoryList).should('not.be.visible')",
              "err": {},
              "uuid": "2f2b4603-8a27-4653-9962-78be6063b7fb",
              "parentUUID": "017c041e-295f-4e0e-ab3b-0342527deeae",
              "isHook": false,
              "skipped": false
            },
            {
              "title": "should not login with an incorrect password",
              "fullTitle": "loginPage should not login with an incorrect password",
              "timedOut": null,
              "duration": 1124,
              "state": "passed",
              "speed": "fast",
              "pass": true,
              "fail": false,
              "pending": false,
              "context": null,
              "code": "_login.default.login('locked_out_user', '$ecret$auce'); // cy.get(loginPage.inventoryList).should('be.visible')",
              "err": {},
              "uuid": "70401722-7c5c-4b5c-add7-e729b3869b82",
              "parentUUID": "017c041e-295f-4e0e-ab3b-0342527deeae",
              "isHook": false,
              "skipped": false
            }
          ],
          "suites": [],
          "passes": [
            "d9626b4c-6349-4d13-be0c-08cf62b81dcc",
            "2f2b4603-8a27-4653-9962-78be6063b7fb",
            "70401722-7c5c-4b5c-add7-e729b3869b82"
          ],
          "failures": [],
          "pending": [],
          "skipped": [],
          "duration": 3877,
          "root": false,
          "rootEmpty": false,
          "_timeout": 2000
        }
      ],
      "passes": [],
      "failures": [],
      "pending": [],
      "skipped": [],
      "duration": 0,
      "root": true,
      "rootEmpty": true,
      "_timeout": 2000
    },
    {
      "uuid": "72537c72-10dc-48bb-bc0b-446de46ef8ed",
      "title": "",
      "fullFile": "cypress\\test-files\\login.cy.js",
      "file": "cypress\\test-files\\login.cy.js",
      "beforeHooks": [],
      "afterHooks": [],
      "tests": [],
      "suites": [
        {
          "uuid": "e71ebb72-9f10-4ad7-a3a3-ea7a527aa106",
          "title": "loginPage",
          "fullFile": "",
          "file": "",
          "beforeHooks": [],
          "afterHooks": [],
          "tests": [
            {
              "title": "should login with a valid user",
              "fullTitle": "loginPage should login with a valid user",
              "timedOut": null,
              "duration": 1786,
              "state": "passed",
              "speed": "fast",
              "pass": true,
              "fail": false,
              "pending": false,
              "context": null,
              "code": "_login.default.login('standard_user', 'secret_sauce');\ncy.get(_login.default.inventoryList).should('be.visible');",
              "err": {},
              "uuid": "62807325-d8c2-4858-b407-6fe57e41207c",
              "parentUUID": "e71ebb72-9f10-4ad7-a3a3-ea7a527aa106",
              "isHook": false,
              "skipped": false
            },
            {
              "title": "should not login with lockedOutUser",
              "fullTitle": "loginPage should not login with lockedOutUser",
              "timedOut": null,
              "duration": 1160,
              "state": "passed",
              "speed": "fast",
              "pass": true,
              "fail": false,
              "pending": false,
              "context": null,
              "code": "_login.default.login('locked_out_user', 'secret_sauce');\ncy.get(_login.default.lockedOutUser).should('be.visible');",
              "err": {},
              "uuid": "d50af165-1ae3-487b-8bb7-c25427552a91",
              "parentUUID": "e71ebb72-9f10-4ad7-a3a3-ea7a527aa106",
              "isHook": false,
              "skipped": false
            },
            {
              "title": "should not login with an incorrect password",
              "fullTitle": "loginPage should not login with an incorrect password",
              "timedOut": null,
              "duration": 1126,
              "state": "passed",
              "speed": "fast",
              "pass": true,
              "fail": false,
              "pending": false,
              "context": null,
              "code": "_login.default.login('locked_out_user', '$ecret$auce'); // cy.get(loginPage.inventoryList).should('be.visible')",
              "err": {},
              "uuid": "13337740-e99b-46e5-8571-670c0dc50c06",
              "parentUUID": "e71ebb72-9f10-4ad7-a3a3-ea7a527aa106",
              "isHook": false,
              "skipped": false
            }
          ],
          "suites": [],
          "passes": [
            "62807325-d8c2-4858-b407-6fe57e41207c",
            "d50af165-1ae3-487b-8bb7-c25427552a91",
            "13337740-e99b-46e5-8571-670c0dc50c06"
          ],
          "failures": [],
          "pending": [],
          "skipped": [],
          "duration": 4072,
          "root": false,
          "rootEmpty": false,
          "_timeout": 2000
        }
      ],
      "passes": [],
      "failures": [],
      "pending": [],
      "skipped": [],
      "duration": 0,
      "root": true,
      "rootEmpty": true,
      "_timeout": 2000
    },
    {
      "uuid": "d2457ed8-1c8b-418c-b5a8-b37a3f808393",
      "title": "",
      "fullFile": "cypress\\test-files\\login.cy.js",
      "file": "cypress\\test-files\\login.cy.js",
      "beforeHooks": [],
      "afterHooks": [],
      "tests": [],
      "suites": [
        {
          "uuid": "24253aed-995d-4cbe-ab8c-671dc52e2d0a",
          "title": "loginPage",
          "fullFile": "",
          "file": "",
          "beforeHooks": [],
          "afterHooks": [],
          "tests": [
            {
              "title": "should login with a valid user",
              "fullTitle": "loginPage should login with a valid user",
              "timedOut": null,
              "duration": 2413,
              "state": "passed",
              "speed": "fast",
              "pass": true,
              "fail": false,
              "pending": false,
              "context": null,
              "code": "_login.default.login('standard_user', 'secret_sauce');\ncy.get(_login.default.inventoryList).should('be.visible');",
              "err": {},
              "uuid": "0368f4ef-af35-4ed2-a152-8b9ac4c81274",
              "parentUUID": "24253aed-995d-4cbe-ab8c-671dc52e2d0a",
              "isHook": false,
              "skipped": false
            },
            {
              "title": "should not login with lockedOutUser",
              "fullTitle": "loginPage should not login with lockedOutUser",
              "timedOut": null,
              "duration": 1360,
              "state": "passed",
              "speed": "fast",
              "pass": true,
              "fail": false,
              "pending": false,
              "context": null,
              "code": "_login.default.login('locked_out_user', 'secret_sauce');\ncy.get(_login.default.lockedOutUser).should('be.visible');",
              "err": {},
              "uuid": "c909a793-c07b-4826-b9b9-0ed307358d16",
              "parentUUID": "24253aed-995d-4cbe-ab8c-671dc52e2d0a",
              "isHook": false,
              "skipped": false
            },
            {
              "title": "should not login with an incorrect password",
              "fullTitle": "loginPage should not login with an incorrect password",
              "timedOut": null,
              "duration": 1263,
              "state": "passed",
              "speed": "fast",
              "pass": true,
              "fail": false,
              "pending": false,
              "context": null,
              "code": "_login.default.login('locked_out_user', '$ecret$auce');\ncy.get(_login.default.lockedOutUser).should('be.visible');",
              "err": {},
              "uuid": "d7b1e083-0709-40c3-b633-a4a67ccc7139",
              "parentUUID": "24253aed-995d-4cbe-ab8c-671dc52e2d0a",
              "isHook": false,
              "skipped": false
            }
          ],
          "suites": [],
          "passes": [
            "0368f4ef-af35-4ed2-a152-8b9ac4c81274",
            "c909a793-c07b-4826-b9b9-0ed307358d16",
            "d7b1e083-0709-40c3-b633-a4a67ccc7139"
          ],
          "failures": [],
          "pending": [],
          "skipped": [],
          "duration": 5036,
          "root": false,
          "rootEmpty": false,
          "_timeout": 2000
        }
      ],
      "passes": [],
      "failures": [],
      "pending": [],
      "skipped": [],
      "duration": 0,
      "root": true,
      "rootEmpty": true,
      "_timeout": 2000
    }
  ],
  "meta": {
    "mocha": {
      "version": "7.0.1"
    },
    "mochawesome": {
      "options": {
        "quiet": false,
        "reportFilename": "mochawesome",
        "saveHtml": false,
        "saveJson": true,
        "consoleReporter": "spec",
        "useInlineDiffs": false,
        "code": true
      },
      "version": "7.1.3"
    },
    "marge": {
      "options": {
        "reportDir": "cypress/reports",
        "overwrite": false,
        "html": false,
        "json": true
      },
      "version": "6.2.0"
    }
  }
}