{
  "stats": {
    "suites": 1,
    "tests": 2,
    "passes": 2,
    "pending": 0,
    "failures": 0,
    "start": "2022-12-06T22:18:56.120Z",
    "end": "2022-12-06T22:19:03.267Z",
    "duration": 7147,
    "testsRegistered": 2,
    "passPercent": 100,
    "pendingPercent": 0,
    "other": 0,
    "hasOther": false,
    "skipped": 0,
    "hasSkipped": false
  },
  "results": [
    {
      "uuid": "64b935ac-d9ff-4125-8839-d46ca9bd0bd5",
      "title": "",
      "fullFile": "cypress\\test-files\\addToCartCheckout.cy.js",
      "file": "cypress\\test-files\\addToCartCheckout.cy.js",
      "beforeHooks": [],
      "afterHooks": [],
      "tests": [],
      "suites": [
        {
          "uuid": "9a1b6910-7867-4627-81e3-48186dc25cf6",
          "title": "Adding an item to cart",
          "fullFile": "",
          "file": "",
          "beforeHooks": [],
          "afterHooks": [],
          "tests": [
            {
              "title": "should add Sauce Labs Bolt T-shirt item to cart",
              "fullTitle": "Adding an item to cart should add Sauce Labs Bolt T-shirt item to cart",
              "timedOut": null,
              "duration": 4095,
              "state": "passed",
              "speed": "fast",
              "pass": true,
              "fail": false,
              "pending": false,
              "context": null,
              "code": "_login.default.login('standard_user', 'secret_sauce');\ncy.get(_login.default.inventoryList).should('be.visible');\n_addToCart.default.addCart();\ncy.get(_addToCart.default.cartNumber).should('have.text', 1);\ncy.get(_addToCart.default.removeSauceLabBoltButton).should('be.visible');\ncy.get(_addToCart.default.cartItemName).should('have.text', 'Sauce Labs Bolt T-Shirt');\n_checkOut.default.checkOut('Colleen', 'Williams', '00000');\ncy.get(_checkOut.default.itemDescriptionName).should('have.text', 'Sauce Labs Bolt T-Shirt');\ncy.get(_checkOut.default.itemPrice).should('have.text', '$15.99');\n_checkOut.default.completeCheckOut();\ncy.get(_checkOut.default.completeMessage).should('have.text', 'Checkout: Complete!');\ncy.get(_checkOut.default.thankYouMessage).should('have.text', 'THANK YOU FOR YOUR ORDER');\ncy.get(_checkOut.default.backHomeButton).should('be.visible');\ncy.get(_checkOut.default.backHomeButton).click();\ncy.url().should('contain', 'inventory');\n_addToCart.default.navigateToCart();\ncy.get(_addToCart.default.cartItemName).should('not.exist');",
              "err": {},
              "uuid": "8d8b5831-1752-4b11-a7b0-195cae28b8fa",
              "parentUUID": "9a1b6910-7867-4627-81e3-48186dc25cf6",
              "isHook": false,
              "skipped": false
            },
            {
              "title": "should add more than one items to cart",
              "fullTitle": "Adding an item to cart should add more than one items to cart",
              "timedOut": null,
              "duration": 2982,
              "state": "passed",
              "speed": "fast",
              "pass": true,
              "fail": false,
              "pending": false,
              "context": null,
              "code": "_login.default.login('standard_user', 'secret_sauce');\ncy.get(_login.default.inventoryList).should('be.visible');\n_addToCart.default.addMultipleCartItems();\ncy.get(_addToCart.default.cartNumber).should('have.text', 3);\ncy.get(_addToCart.default.cartItemName).should('have.text', 'Sauce Labs Bolt T-ShirtSauce Labs BackpackSauce Labs Bike Light');\n_checkOut.default.checkOut('Colleen', 'Williams', '00000');\ncy.get(_checkOut.default.itemDescriptionName).should('have.text', 'Sauce Labs Bolt T-ShirtSauce Labs BackpackSauce Labs Bike Light');\ncy.get(_checkOut.default.itemPrice).should('have.text', '$15.99$29.99$9.99');\n_checkOut.default.completeCheckOut();\ncy.get(_checkOut.default.completeMessage).should('have.text', 'Checkout: Complete!');\ncy.get(_checkOut.default.thankYouMessage).should('have.text', 'THANK YOU FOR YOUR ORDER');\ncy.get(_checkOut.default.backHomeButton).should('be.visible');\ncy.get(_checkOut.default.backHomeButton).click();\ncy.url().should('contain', 'inventory');\n_addToCart.default.navigateToCart();\ncy.get(_addToCart.default.cartItemName).should('not.exist');",
              "err": {},
              "uuid": "50f9d30d-f152-44be-a330-008d47d0089a",
              "parentUUID": "9a1b6910-7867-4627-81e3-48186dc25cf6",
              "isHook": false,
              "skipped": false
            }
          ],
          "suites": [],
          "passes": [
            "8d8b5831-1752-4b11-a7b0-195cae28b8fa",
            "50f9d30d-f152-44be-a330-008d47d0089a"
          ],
          "failures": [],
          "pending": [],
          "skipped": [],
          "duration": 7077,
          "root": false,
          "rootEmpty": false,
          "_timeout": 2000
        }
      ],
      "passes": [],
      "failures": [],
      "pending": [],
      "skipped": [],
      "duration": 0,
      "root": true,
      "rootEmpty": true,
      "_timeout": 2000
    }
  ],
  "meta": {
    "mocha": {
      "version": "7.0.1"
    },
    "mochawesome": {
      "options": {
        "quiet": false,
        "reportFilename": "mochawesome",
        "saveHtml": false,
        "saveJson": true,
        "consoleReporter": "spec",
        "useInlineDiffs": false,
        "code": true
      },
      "version": "7.1.3"
    },
    "marge": {
      "options": {
        "reportDir": "cypress/reports",
        "overwrite": false,
        "html": false,
        "json": true
      },
      "version": "6.2.0"
    }
  }
}