{
  "stats": {
    "suites": 1,
    "tests": 3,
    "passes": 3,
    "pending": 0,
    "failures": 0,
    "start": "2022-11-30T02:44:59.134Z",
    "end": "2022-11-30T02:45:04.251Z",
    "duration": 5117,
    "testsRegistered": 3,
    "passPercent": 100,
    "pendingPercent": 0,
    "other": 0,
    "hasOther": false,
    "skipped": 0,
    "hasSkipped": false
  },
  "results": [
    {
      "uuid": "d2457ed8-1c8b-418c-b5a8-b37a3f808393",
      "title": "",
      "fullFile": "cypress\\test-files\\login.cy.js",
      "file": "cypress\\test-files\\login.cy.js",
      "beforeHooks": [],
      "afterHooks": [],
      "tests": [],
      "suites": [
        {
          "uuid": "24253aed-995d-4cbe-ab8c-671dc52e2d0a",
          "title": "loginPage",
          "fullFile": "",
          "file": "",
          "beforeHooks": [],
          "afterHooks": [],
          "tests": [
            {
              "title": "should login with a valid user",
              "fullTitle": "loginPage should login with a valid user",
              "timedOut": null,
              "duration": 2413,
              "state": "passed",
              "speed": "fast",
              "pass": true,
              "fail": false,
              "pending": false,
              "context": null,
              "code": "_login.default.login('standard_user', 'secret_sauce');\ncy.get(_login.default.inventoryList).should('be.visible');",
              "err": {},
              "uuid": "0368f4ef-af35-4ed2-a152-8b9ac4c81274",
              "parentUUID": "24253aed-995d-4cbe-ab8c-671dc52e2d0a",
              "isHook": false,
              "skipped": false
            },
            {
              "title": "should not login with lockedOutUser",
              "fullTitle": "loginPage should not login with lockedOutUser",
              "timedOut": null,
              "duration": 1360,
              "state": "passed",
              "speed": "fast",
              "pass": true,
              "fail": false,
              "pending": false,
              "context": null,
              "code": "_login.default.login('locked_out_user', 'secret_sauce');\ncy.get(_login.default.lockedOutUser).should('be.visible');",
              "err": {},
              "uuid": "c909a793-c07b-4826-b9b9-0ed307358d16",
              "parentUUID": "24253aed-995d-4cbe-ab8c-671dc52e2d0a",
              "isHook": false,
              "skipped": false
            },
            {
              "title": "should not login with an incorrect password",
              "fullTitle": "loginPage should not login with an incorrect password",
              "timedOut": null,
              "duration": 1263,
              "state": "passed",
              "speed": "fast",
              "pass": true,
              "fail": false,
              "pending": false,
              "context": null,
              "code": "_login.default.login('locked_out_user', '$ecret$auce');\ncy.get(_login.default.lockedOutUser).should('be.visible');",
              "err": {},
              "uuid": "d7b1e083-0709-40c3-b633-a4a67ccc7139",
              "parentUUID": "24253aed-995d-4cbe-ab8c-671dc52e2d0a",
              "isHook": false,
              "skipped": false
            }
          ],
          "suites": [],
          "passes": [
            "0368f4ef-af35-4ed2-a152-8b9ac4c81274",
            "c909a793-c07b-4826-b9b9-0ed307358d16",
            "d7b1e083-0709-40c3-b633-a4a67ccc7139"
          ],
          "failures": [],
          "pending": [],
          "skipped": [],
          "duration": 5036,
          "root": false,
          "rootEmpty": false,
          "_timeout": 2000
        }
      ],
      "passes": [],
      "failures": [],
      "pending": [],
      "skipped": [],
      "duration": 0,
      "root": true,
      "rootEmpty": true,
      "_timeout": 2000
    }
  ],
  "meta": {
    "mocha": {
      "version": "7.0.1"
    },
    "mochawesome": {
      "options": {
        "quiet": false,
        "reportFilename": "mochawesome",
        "saveHtml": false,
        "saveJson": true,
        "consoleReporter": "spec",
        "useInlineDiffs": false,
        "code": true
      },
      "version": "7.1.3"
    },
    "marge": {
      "options": {
        "reportDir": "cypress/reports",
        "overwrite": false,
        "html": false,
        "json": true
      },
      "version": "6.2.0"
    }
  }
}