{
  "stats": {
    "suites": 1,
    "tests": 3,
    "passes": 3,
    "pending": 0,
    "failures": 0,
    "start": "2022-11-30T01:54:06.155Z",
    "end": "2022-11-30T01:54:10.274Z",
    "duration": 4119,
    "testsRegistered": 3,
    "passPercent": 100,
    "pendingPercent": 0,
    "other": 0,
    "hasOther": false,
    "skipped": 0,
    "hasSkipped": false
  },
  "results": [
    {
      "uuid": "72537c72-10dc-48bb-bc0b-446de46ef8ed",
      "title": "",
      "fullFile": "cypress\\test-files\\login.cy.js",
      "file": "cypress\\test-files\\login.cy.js",
      "beforeHooks": [],
      "afterHooks": [],
      "tests": [],
      "suites": [
        {
          "uuid": "e71ebb72-9f10-4ad7-a3a3-ea7a527aa106",
          "title": "loginPage",
          "fullFile": "",
          "file": "",
          "beforeHooks": [],
          "afterHooks": [],
          "tests": [
            {
              "title": "should login with a valid user",
              "fullTitle": "loginPage should login with a valid user",
              "timedOut": null,
              "duration": 1786,
              "state": "passed",
              "speed": "fast",
              "pass": true,
              "fail": false,
              "pending": false,
              "context": null,
              "code": "_login.default.login('standard_user', 'secret_sauce');\ncy.get(_login.default.inventoryList).should('be.visible');",
              "err": {},
              "uuid": "62807325-d8c2-4858-b407-6fe57e41207c",
              "parentUUID": "e71ebb72-9f10-4ad7-a3a3-ea7a527aa106",
              "isHook": false,
              "skipped": false
            },
            {
              "title": "should not login with lockedOutUser",
              "fullTitle": "loginPage should not login with lockedOutUser",
              "timedOut": null,
              "duration": 1160,
              "state": "passed",
              "speed": "fast",
              "pass": true,
              "fail": false,
              "pending": false,
              "context": null,
              "code": "_login.default.login('locked_out_user', 'secret_sauce');\ncy.get(_login.default.lockedOutUser).should('be.visible');",
              "err": {},
              "uuid": "d50af165-1ae3-487b-8bb7-c25427552a91",
              "parentUUID": "e71ebb72-9f10-4ad7-a3a3-ea7a527aa106",
              "isHook": false,
              "skipped": false
            },
            {
              "title": "should not login with an incorrect password",
              "fullTitle": "loginPage should not login with an incorrect password",
              "timedOut": null,
              "duration": 1126,
              "state": "passed",
              "speed": "fast",
              "pass": true,
              "fail": false,
              "pending": false,
              "context": null,
              "code": "_login.default.login('locked_out_user', '$ecret$auce'); // cy.get(loginPage.inventoryList).should('be.visible')",
              "err": {},
              "uuid": "13337740-e99b-46e5-8571-670c0dc50c06",
              "parentUUID": "e71ebb72-9f10-4ad7-a3a3-ea7a527aa106",
              "isHook": false,
              "skipped": false
            }
          ],
          "suites": [],
          "passes": [
            "62807325-d8c2-4858-b407-6fe57e41207c",
            "d50af165-1ae3-487b-8bb7-c25427552a91",
            "13337740-e99b-46e5-8571-670c0dc50c06"
          ],
          "failures": [],
          "pending": [],
          "skipped": [],
          "duration": 4072,
          "root": false,
          "rootEmpty": false,
          "_timeout": 2000
        }
      ],
      "passes": [],
      "failures": [],
      "pending": [],
      "skipped": [],
      "duration": 0,
      "root": true,
      "rootEmpty": true,
      "_timeout": 2000
    }
  ],
  "meta": {
    "mocha": {
      "version": "7.0.1"
    },
    "mochawesome": {
      "options": {
        "quiet": false,
        "reportFilename": "mochawesome",
        "saveHtml": false,
        "saveJson": true,
        "consoleReporter": "spec",
        "useInlineDiffs": false,
        "code": true
      },
      "version": "7.1.3"
    },
    "marge": {
      "options": {
        "reportDir": "cypress/reports",
        "overwrite": false,
        "html": false,
        "json": true
      },
      "version": "6.2.0"
    }
  }
}