{
  "stats": {
    "suites": 1,
    "tests": 3,
    "passes": 3,
    "pending": 0,
    "failures": 0,
    "start": "2022-12-02T18:25:40.644Z",
    "end": "2022-12-02T18:25:44.897Z",
    "duration": 4253,
    "testsRegistered": 3,
    "passPercent": 100,
    "pendingPercent": 0,
    "other": 0,
    "hasOther": false,
    "skipped": 0,
    "hasSkipped": false
  },
  "results": [
    {
      "uuid": "2e1b3e14-5ea2-499d-a81b-789ad33e335b",
      "title": "",
      "fullFile": "cypress\\test-files\\login.cy.js",
      "file": "cypress\\test-files\\login.cy.js",
      "beforeHooks": [],
      "afterHooks": [],
      "tests": [],
      "suites": [
        {
          "uuid": "891e0db8-e90f-4f18-b441-5e12976dfcfd",
          "title": "loginPage",
          "fullFile": "",
          "file": "",
          "beforeHooks": [],
          "afterHooks": [],
          "tests": [
            {
              "title": "should login with a valid user",
              "fullTitle": "loginPage should login with a valid user",
              "timedOut": null,
              "duration": 1560,
              "state": "passed",
              "speed": "fast",
              "pass": true,
              "fail": false,
              "pending": false,
              "context": null,
              "code": "_login.default.login('standard_user', 'secret_sauce');\ncy.get(_login.default.inventoryList).should('be.visible');",
              "err": {},
              "uuid": "b43d0b2f-b2df-4c9e-913a-d2405b416599",
              "parentUUID": "891e0db8-e90f-4f18-b441-5e12976dfcfd",
              "isHook": false,
              "skipped": false
            },
            {
              "title": "should not login with lockedOutUser",
              "fullTitle": "loginPage should not login with lockedOutUser",
              "timedOut": null,
              "duration": 1255,
              "state": "passed",
              "speed": "fast",
              "pass": true,
              "fail": false,
              "pending": false,
              "context": null,
              "code": "_login.default.login('locked_out_user', 'secret_sauce');\ncy.get(_login.default.lockedOutUser).should('be.visible');",
              "err": {},
              "uuid": "72d4fdfd-c42d-4415-9df8-694e7f9ad00b",
              "parentUUID": "891e0db8-e90f-4f18-b441-5e12976dfcfd",
              "isHook": false,
              "skipped": false
            },
            {
              "title": "should not login with an incorrect password",
              "fullTitle": "loginPage should not login with an incorrect password",
              "timedOut": null,
              "duration": 1399,
              "state": "passed",
              "speed": "fast",
              "pass": true,
              "fail": false,
              "pending": false,
              "context": null,
              "code": "_login.default.login('locked_out_user', '$ecret$auce');\ncy.get(_login.default.lockedOutUser).should('be.visible');",
              "err": {},
              "uuid": "830304c9-1a3d-4bd9-ac65-f4a35e7ea45f",
              "parentUUID": "891e0db8-e90f-4f18-b441-5e12976dfcfd",
              "isHook": false,
              "skipped": false
            }
          ],
          "suites": [],
          "passes": [
            "b43d0b2f-b2df-4c9e-913a-d2405b416599",
            "72d4fdfd-c42d-4415-9df8-694e7f9ad00b",
            "830304c9-1a3d-4bd9-ac65-f4a35e7ea45f"
          ],
          "failures": [],
          "pending": [],
          "skipped": [],
          "duration": 4214,
          "root": false,
          "rootEmpty": false,
          "_timeout": 2000
        }
      ],
      "passes": [],
      "failures": [],
      "pending": [],
      "skipped": [],
      "duration": 0,
      "root": true,
      "rootEmpty": true,
      "_timeout": 2000
    }
  ],
  "meta": {
    "mocha": {
      "version": "7.0.1"
    },
    "mochawesome": {
      "options": {
        "quiet": false,
        "reportFilename": "mochawesome",
        "saveHtml": false,
        "saveJson": true,
        "consoleReporter": "spec",
        "useInlineDiffs": false,
        "code": true
      },
      "version": "7.1.3"
    },
    "marge": {
      "options": {
        "reportDir": "cypress/reports",
        "overwrite": false,
        "html": false,
        "json": true
      },
      "version": "6.2.0"
    }
  }
}