{
  "stats": {
    "suites": 1,
    "tests": 3,
    "passes": 3,
    "pending": 0,
    "failures": 0,
    "start": "2022-12-06T22:19:07.060Z",
    "end": "2022-12-06T22:19:10.433Z",
    "duration": 3373,
    "testsRegistered": 3,
    "passPercent": 100,
    "pendingPercent": 0,
    "other": 0,
    "hasOther": false,
    "skipped": 0,
    "hasSkipped": false
  },
  "results": [
    {
      "uuid": "a20dfdb7-af0c-4b5c-a41d-8a48b9da8045",
      "title": "",
      "fullFile": "cypress\\test-files\\login.cy.js",
      "file": "cypress\\test-files\\login.cy.js",
      "beforeHooks": [],
      "afterHooks": [],
      "tests": [],
      "suites": [
        {
          "uuid": "7b09def5-8e46-43ba-a5f7-462f109c3fe5",
          "title": "Logining onto the platform",
          "fullFile": "",
          "file": "",
          "beforeHooks": [],
          "afterHooks": [],
          "tests": [
            {
              "title": "should login with a valid user",
              "fullTitle": "Logining onto the platform should login with a valid user",
              "timedOut": null,
              "duration": 1200,
              "state": "passed",
              "speed": "fast",
              "pass": true,
              "fail": false,
              "pending": false,
              "context": null,
              "code": "_login.default.login('standard_user', 'secret_sauce');\ncy.url().should('contain', 'inventory');\ncy.get(_login.default.inventoryList).should('be.visible');",
              "err": {},
              "uuid": "56f6f4f4-7de1-40c9-86c3-28d13df68c23",
              "parentUUID": "7b09def5-8e46-43ba-a5f7-462f109c3fe5",
              "isHook": false,
              "skipped": false
            },
            {
              "title": "should not login with lockedOutUser",
              "fullTitle": "Logining onto the platform should not login with lockedOutUser",
              "timedOut": null,
              "duration": 1024,
              "state": "passed",
              "speed": "fast",
              "pass": true,
              "fail": false,
              "pending": false,
              "context": null,
              "code": "_login.default.login('locked_out_user', 'secret_sauce');\ncy.get(_login.default.lockedOutUser).should('be.visible');\ncy.get(_login.default.lockedOutUser).should('have.text', 'Epic sadface: Sorry, this user has been locked out.');",
              "err": {},
              "uuid": "15ff2b29-2f56-42d9-aa22-c02c839fc3b2",
              "parentUUID": "7b09def5-8e46-43ba-a5f7-462f109c3fe5",
              "isHook": false,
              "skipped": false
            },
            {
              "title": "should not login with an incorrect password",
              "fullTitle": "Logining onto the platform should not login with an incorrect password",
              "timedOut": null,
              "duration": 1067,
              "state": "passed",
              "speed": "fast",
              "pass": true,
              "fail": false,
              "pending": false,
              "context": null,
              "code": "_login.default.login('locked_out_user', '$ecret$auce');\ncy.get(_login.default.lockedOutUser).should('be.visible');\ncy.get(_login.default.lockedOutUser).should('have.text', 'Epic sadface: Username and password do not match any user in this service');",
              "err": {},
              "uuid": "5975be3e-2666-4b5c-978a-d22cdf58e193",
              "parentUUID": "7b09def5-8e46-43ba-a5f7-462f109c3fe5",
              "isHook": false,
              "skipped": false
            }
          ],
          "suites": [],
          "passes": [
            "56f6f4f4-7de1-40c9-86c3-28d13df68c23",
            "15ff2b29-2f56-42d9-aa22-c02c839fc3b2",
            "5975be3e-2666-4b5c-978a-d22cdf58e193"
          ],
          "failures": [],
          "pending": [],
          "skipped": [],
          "duration": 3291,
          "root": false,
          "rootEmpty": false,
          "_timeout": 2000
        }
      ],
      "passes": [],
      "failures": [],
      "pending": [],
      "skipped": [],
      "duration": 0,
      "root": true,
      "rootEmpty": true,
      "_timeout": 2000
    }
  ],
  "meta": {
    "mocha": {
      "version": "7.0.1"
    },
    "mochawesome": {
      "options": {
        "quiet": false,
        "reportFilename": "mochawesome",
        "saveHtml": false,
        "saveJson": true,
        "consoleReporter": "spec",
        "useInlineDiffs": false,
        "code": true
      },
      "version": "7.1.3"
    },
    "marge": {
      "options": {
        "reportDir": "cypress/reports",
        "overwrite": false,
        "html": false,
        "json": true
      },
      "version": "6.2.0"
    }
  }
}