{
  "stats": {
    "suites": 1,
    "tests": 3,
    "passes": 3,
    "pending": 0,
    "failures": 0,
    "start": "2022-12-06T22:17:33.429Z",
    "end": "2022-12-06T22:17:36.762Z",
    "duration": 3333,
    "testsRegistered": 3,
    "passPercent": 100,
    "pendingPercent": 0,
    "other": 0,
    "hasOther": false,
    "skipped": 0,
    "hasSkipped": false
  },
  "results": [
    {
      "uuid": "1f708281-6bbe-444a-9397-3b04aaaf93d9",
      "title": "",
      "fullFile": "cypress\\test-files\\login.cy.js",
      "file": "cypress\\test-files\\login.cy.js",
      "beforeHooks": [],
      "afterHooks": [],
      "tests": [],
      "suites": [
        {
          "uuid": "86b0108a-042c-4981-b94a-c8fa147b7164",
          "title": "Logining onto the platform",
          "fullFile": "",
          "file": "",
          "beforeHooks": [],
          "afterHooks": [],
          "tests": [
            {
              "title": "should login with a valid user",
              "fullTitle": "Logining onto the platform should login with a valid user",
              "timedOut": null,
              "duration": 1099,
              "state": "passed",
              "speed": "fast",
              "pass": true,
              "fail": false,
              "pending": false,
              "context": null,
              "code": "_login.default.login('standard_user', 'secret_sauce');\ncy.url().should('contain', 'inventory');\ncy.get(_login.default.inventoryList).should('be.visible');",
              "err": {},
              "uuid": "6a1b57e2-1786-4a91-81bd-bd2beb0705f7",
              "parentUUID": "86b0108a-042c-4981-b94a-c8fa147b7164",
              "isHook": false,
              "skipped": false
            },
            {
              "title": "should not login with lockedOutUser",
              "fullTitle": "Logining onto the platform should not login with lockedOutUser",
              "timedOut": null,
              "duration": 1052,
              "state": "passed",
              "speed": "fast",
              "pass": true,
              "fail": false,
              "pending": false,
              "context": null,
              "code": "_login.default.login('locked_out_user', 'secret_sauce');\ncy.get(_login.default.lockedOutUser).should('be.visible');\ncy.get(_login.default.lockedOutUser).should('have.text', 'Epic sadface: Sorry, this user has been locked out.');",
              "err": {},
              "uuid": "3348a07f-c623-4fe2-8086-7852ebb0d28a",
              "parentUUID": "86b0108a-042c-4981-b94a-c8fa147b7164",
              "isHook": false,
              "skipped": false
            },
            {
              "title": "should not login with an incorrect password",
              "fullTitle": "Logining onto the platform should not login with an incorrect password",
              "timedOut": null,
              "duration": 1084,
              "state": "passed",
              "speed": "fast",
              "pass": true,
              "fail": false,
              "pending": false,
              "context": null,
              "code": "_login.default.login('locked_out_user', '$ecret$auce');\ncy.get(_login.default.lockedOutUser).should('be.visible');\ncy.get(_login.default.lockedOutUser).should('have.text', 'Epic sadface: Username and password do not match any user in this service');",
              "err": {},
              "uuid": "7170f365-a900-47ee-93d5-52c2bb61744e",
              "parentUUID": "86b0108a-042c-4981-b94a-c8fa147b7164",
              "isHook": false,
              "skipped": false
            }
          ],
          "suites": [],
          "passes": [
            "6a1b57e2-1786-4a91-81bd-bd2beb0705f7",
            "3348a07f-c623-4fe2-8086-7852ebb0d28a",
            "7170f365-a900-47ee-93d5-52c2bb61744e"
          ],
          "failures": [],
          "pending": [],
          "skipped": [],
          "duration": 3235,
          "root": false,
          "rootEmpty": false,
          "_timeout": 2000
        }
      ],
      "passes": [],
      "failures": [],
      "pending": [],
      "skipped": [],
      "duration": 0,
      "root": true,
      "rootEmpty": true,
      "_timeout": 2000
    }
  ],
  "meta": {
    "mocha": {
      "version": "7.0.1"
    },
    "mochawesome": {
      "options": {
        "quiet": false,
        "reportFilename": "mochawesome",
        "saveHtml": false,
        "saveJson": true,
        "consoleReporter": "spec",
        "useInlineDiffs": false,
        "code": true
      },
      "version": "7.1.3"
    },
    "marge": {
      "options": {
        "reportDir": "cypress/reports",
        "overwrite": false,
        "html": false,
        "json": true
      },
      "version": "6.2.0"
    }
  }
}