{
  "stats": {
    "suites": 1,
    "tests": 2,
    "passes": 1,
    "pending": 0,
    "failures": 1,
    "start": "2022-12-02T18:06:51.475Z",
    "end": "2022-12-02T18:06:57.918Z",
    "duration": 6443,
    "testsRegistered": 2,
    "passPercent": 50,
    "pendingPercent": 0,
    "other": 0,
    "hasOther": false,
    "skipped": 0,
    "hasSkipped": false
  },
  "results": [
    {
      "uuid": "86cb4c0a-7591-4bca-979d-16f584297375",
      "title": "",
      "fullFile": "cypress\\test-files\\addToCartOneItem.cy.js",
      "file": "cypress\\test-files\\addToCartOneItem.cy.js",
      "beforeHooks": [],
      "afterHooks": [],
      "tests": [],
      "suites": [
        {
          "uuid": "9a5c1280-e7db-45cb-9a73-c161af65e3cb",
          "title": "Adding an item to cart",
          "fullFile": "",
          "file": "",
          "beforeHooks": [],
          "afterHooks": [],
          "tests": [
            {
              "title": "should login with a valid user",
              "fullTitle": "Adding an item to cart should login with a valid user",
              "timedOut": null,
              "duration": 1724,
              "state": "passed",
              "speed": "fast",
              "pass": true,
              "fail": false,
              "pending": false,
              "context": null,
              "code": "_login.default.login('standard_user', 'secret_sauce');\ncy.get(_login.default.inventoryList).should('be.visible');",
              "err": {},
              "uuid": "f3e45184-0bb2-48c9-bcbb-15193c625d98",
              "parentUUID": "9a5c1280-e7db-45cb-9a73-c161af65e3cb",
              "isHook": false,
              "skipped": false
            },
            {
              "title": "should add Sauce Labs Bolt T-shirt item to cart",
              "fullTitle": "Adding an item to cart should add Sauce Labs Bolt T-shirt item to cart",
              "timedOut": null,
              "duration": 4616,
              "state": "failed",
              "speed": null,
              "pass": false,
              "fail": true,
              "pending": false,
              "context": null,
              "code": "_addToCart.default.addCart();\ncy.get(_addToCart.default.cartIcon).should('have.text', 1);\ncy.get(_addToCart.default.removeSauceLabBoltButton).should('be.visible');\ncy.get(_addToCart.default.cartItemsName).should('have.text', 'Sauce Labs Bolt T-shirt');",
              "err": {
                "message": "AssertionError: Timed out retrying after 4000ms: Expected to find element: `#item_1_title_link`, but never found it.",
                "estack": "AssertionError: Timed out retrying after 4000ms: Expected to find element: `#item_1_title_link`, but never found it.\n    at addToCart.addCart (webpack:///./cypress/page-objects/addToCart.js:23:30)\n    at Context.eval (webpack:///./cypress/test-files/addToCartOneItem.cy.js:14:18)",
                "diff": null
              },
              "uuid": "a4448563-d910-49de-9767-d3e526b9abc7",
              "parentUUID": "9a5c1280-e7db-45cb-9a73-c161af65e3cb",
              "isHook": false,
              "skipped": false
            }
          ],
          "suites": [],
          "passes": [
            "f3e45184-0bb2-48c9-bcbb-15193c625d98"
          ],
          "failures": [
            "a4448563-d910-49de-9767-d3e526b9abc7"
          ],
          "pending": [],
          "skipped": [],
          "duration": 6340,
          "root": false,
          "rootEmpty": false,
          "_timeout": 2000
        }
      ],
      "passes": [],
      "failures": [],
      "pending": [],
      "skipped": [],
      "duration": 0,
      "root": true,
      "rootEmpty": true,
      "_timeout": 2000
    }
  ],
  "meta": {
    "mocha": {
      "version": "7.0.1"
    },
    "mochawesome": {
      "options": {
        "quiet": false,
        "reportFilename": "mochawesome",
        "saveHtml": false,
        "saveJson": true,
        "consoleReporter": "spec",
        "useInlineDiffs": false,
        "code": true
      },
      "version": "7.1.3"
    },
    "marge": {
      "options": {
        "reportDir": "cypress/reports",
        "overwrite": false,
        "html": false,
        "json": true
      },
      "version": "6.2.0"
    }
  }
}