{
  "stats": {
    "suites": 1,
    "tests": 3,
    "passes": 3,
    "pending": 0,
    "failures": 0,
    "start": "2022-12-07T02:36:42.221Z",
    "end": "2022-12-07T02:36:45.209Z",
    "duration": 2988,
    "testsRegistered": 3,
    "passPercent": 100,
    "pendingPercent": 0,
    "other": 0,
    "hasOther": false,
    "skipped": 0,
    "hasSkipped": false
  },
  "results": [
    {
      "uuid": "f4cd1a53-e9b2-45c4-be8e-6737af7aed89",
      "title": "",
      "fullFile": "cypress\\test-files\\login.cy.js",
      "file": "cypress\\test-files\\login.cy.js",
      "beforeHooks": [],
      "afterHooks": [],
      "tests": [],
      "suites": [
        {
          "uuid": "ee8c4aea-64f8-4e83-8ec0-4ff76774f30a",
          "title": "Logining onto the platform",
          "fullFile": "",
          "file": "",
          "beforeHooks": [],
          "afterHooks": [],
          "tests": [
            {
              "title": "should login with a valid user",
              "fullTitle": "Logining onto the platform should login with a valid user",
              "timedOut": null,
              "duration": 1042,
              "state": "passed",
              "speed": "fast",
              "pass": true,
              "fail": false,
              "pending": false,
              "context": null,
              "code": "_login.default.login('standard_user', 'secret_sauce');\ncy.url().should('contain', 'inventory');\ncy.get(_login.default.inventoryList).should('be.visible');",
              "err": {},
              "uuid": "ebff787e-f7c3-4ed5-b68f-d1f56a79a03f",
              "parentUUID": "ee8c4aea-64f8-4e83-8ec0-4ff76774f30a",
              "isHook": false,
              "skipped": false
            },
            {
              "title": "should not login with lockedOutUser",
              "fullTitle": "Logining onto the platform should not login with lockedOutUser",
              "timedOut": null,
              "duration": 938,
              "state": "passed",
              "speed": "fast",
              "pass": true,
              "fail": false,
              "pending": false,
              "context": null,
              "code": "_login.default.login('locked_out_user', 'secret_sauce');\ncy.get(_login.default.lockedOutUser).should('be.visible');\ncy.get(_login.default.lockedOutUser).should('have.text', 'Epic sadface: Sorry, this user has been locked out.');",
              "err": {},
              "uuid": "2e114a71-565a-4675-94d2-86589ebfd405",
              "parentUUID": "ee8c4aea-64f8-4e83-8ec0-4ff76774f30a",
              "isHook": false,
              "skipped": false
            },
            {
              "title": "should not login with an incorrect password",
              "fullTitle": "Logining onto the platform should not login with an incorrect password",
              "timedOut": null,
              "duration": 922,
              "state": "passed",
              "speed": "fast",
              "pass": true,
              "fail": false,
              "pending": false,
              "context": null,
              "code": "_login.default.login('locked_out_user', '$ecret$auce');\ncy.get(_login.default.lockedOutUser).should('be.visible');\ncy.get(_login.default.lockedOutUser).should('have.text', 'Epic sadface: Username and password do not match any user in this service');",
              "err": {},
              "uuid": "41cc9470-36af-4286-a91e-57693b60b2a1",
              "parentUUID": "ee8c4aea-64f8-4e83-8ec0-4ff76774f30a",
              "isHook": false,
              "skipped": false
            }
          ],
          "suites": [],
          "passes": [
            "ebff787e-f7c3-4ed5-b68f-d1f56a79a03f",
            "2e114a71-565a-4675-94d2-86589ebfd405",
            "41cc9470-36af-4286-a91e-57693b60b2a1"
          ],
          "failures": [],
          "pending": [],
          "skipped": [],
          "duration": 2902,
          "root": false,
          "rootEmpty": false,
          "_timeout": 2000
        }
      ],
      "passes": [],
      "failures": [],
      "pending": [],
      "skipped": [],
      "duration": 0,
      "root": true,
      "rootEmpty": true,
      "_timeout": 2000
    }
  ],
  "meta": {
    "mocha": {
      "version": "7.0.1"
    },
    "mochawesome": {
      "options": {
        "quiet": false,
        "reportFilename": "mochawesome",
        "saveHtml": false,
        "saveJson": true,
        "consoleReporter": "spec",
        "useInlineDiffs": false,
        "code": true
      },
      "version": "7.1.3"
    },
    "marge": {
      "options": {
        "reportDir": "cypress/reports",
        "overwrite": false,
        "html": false,
        "json": true
      },
      "version": "6.2.0"
    }
  }
}