{
  "stats": {
    "suites": 1,
    "tests": 2,
    "passes": 2,
    "pending": 0,
    "failures": 0,
    "start": "2022-12-07T02:36:48.093Z",
    "end": "2022-12-07T02:36:50.774Z",
    "duration": 2681,
    "testsRegistered": 2,
    "passPercent": 100,
    "pendingPercent": 0,
    "other": 0,
    "hasOther": false,
    "skipped": 0,
    "hasSkipped": false
  },
  "results": [
    {
      "uuid": "8cf1c674-4841-4053-ba13-1042d94cadc7",
      "title": "",
      "fullFile": "cypress\\test-files\\removeItems.cy.js",
      "file": "cypress\\test-files\\removeItems.cy.js",
      "beforeHooks": [],
      "afterHooks": [],
      "tests": [],
      "suites": [
        {
          "uuid": "1511c3e2-85f9-467f-b5b8-fe7132ee0f4b",
          "title": "Removing an item",
          "fullFile": "",
          "file": "",
          "beforeHooks": [],
          "afterHooks": [],
          "tests": [
            {
              "title": "should remove Sauce Labs Bolt T-shirt from the cart",
              "fullTitle": "Removing an item should remove Sauce Labs Bolt T-shirt from the cart",
              "timedOut": null,
              "duration": 1393,
              "state": "passed",
              "speed": "fast",
              "pass": true,
              "fail": false,
              "pending": false,
              "context": null,
              "code": "_login.default.login('standard_user', 'secret_sauce');\ncy.get(_login.default.inventoryList).should('be.visible');\n_addToCart.default.addCart();\ncy.get(_addToCart.default.cartNumber).should('have.text', 1);\ncy.get(_addToCart.default.removeSauceLabBoltButton).should('be.visible');\ncy.get(_addToCart.default.cartItemName).should('have.text', 'Sauce Labs Bolt T-Shirt');\n_addToCart.default.removeItemFromCart();\ncy.get(_addToCart.default.cartItemName).should('not.exist');",
              "err": {},
              "uuid": "eaf46859-1a1e-4042-aa5c-7fb5f2a74a00",
              "parentUUID": "1511c3e2-85f9-467f-b5b8-fe7132ee0f4b",
              "isHook": false,
              "skipped": false
            },
            {
              "title": "should remove Sauce Labs Bolt T-shirt from the product page",
              "fullTitle": "Removing an item should remove Sauce Labs Bolt T-shirt from the product page",
              "timedOut": null,
              "duration": 1239,
              "state": "passed",
              "speed": "fast",
              "pass": true,
              "fail": false,
              "pending": false,
              "context": null,
              "code": "_login.default.login('standard_user', 'secret_sauce');\ncy.get(_login.default.inventoryList).should('be.visible');\n_addToCart.default.removeItemFromProductPage();\ncy.get(_addToCart.default.addCartButton).should('be.visible');\n_addToCart.default.navigateToCart();\ncy.get(_addToCart.default.cartItemName).should('not.exist');",
              "err": {},
              "uuid": "f0b7e619-7deb-4879-91c3-6a5ed31bfd45",
              "parentUUID": "1511c3e2-85f9-467f-b5b8-fe7132ee0f4b",
              "isHook": false,
              "skipped": false
            }
          ],
          "suites": [],
          "passes": [
            "eaf46859-1a1e-4042-aa5c-7fb5f2a74a00",
            "f0b7e619-7deb-4879-91c3-6a5ed31bfd45"
          ],
          "failures": [],
          "pending": [],
          "skipped": [],
          "duration": 2632,
          "root": false,
          "rootEmpty": false,
          "_timeout": 2000
        }
      ],
      "passes": [],
      "failures": [],
      "pending": [],
      "skipped": [],
      "duration": 0,
      "root": true,
      "rootEmpty": true,
      "_timeout": 2000
    }
  ],
  "meta": {
    "mocha": {
      "version": "7.0.1"
    },
    "mochawesome": {
      "options": {
        "quiet": false,
        "reportFilename": "mochawesome",
        "saveHtml": false,
        "saveJson": true,
        "consoleReporter": "spec",
        "useInlineDiffs": false,
        "code": true
      },
      "version": "7.1.3"
    },
    "marge": {
      "options": {
        "reportDir": "cypress/reports",
        "overwrite": false,
        "html": false,
        "json": true
      },
      "version": "6.2.0"
    }
  }
}