{
  "stats": {
    "suites": 1,
    "tests": 2,
    "passes": 1,
    "pending": 0,
    "failures": 1,
    "start": "2022-12-02T18:20:16.854Z",
    "end": "2022-12-02T18:20:24.146Z",
    "duration": 7292,
    "testsRegistered": 2,
    "passPercent": 50,
    "pendingPercent": 0,
    "other": 0,
    "hasOther": false,
    "skipped": 0,
    "hasSkipped": false
  },
  "results": [
    {
      "uuid": "8e6f0f65-046b-4d92-8fde-6ebd2fce74a3",
      "title": "",
      "fullFile": "cypress\\test-files\\addToCartOneItem.cy.js",
      "file": "cypress\\test-files\\addToCartOneItem.cy.js",
      "beforeHooks": [],
      "afterHooks": [],
      "tests": [],
      "suites": [
        {
          "uuid": "01948901-9581-4b31-9608-e02bde788621",
          "title": "Adding an item to cart",
          "fullFile": "",
          "file": "",
          "beforeHooks": [],
          "afterHooks": [],
          "tests": [
            {
              "title": "should login with a valid user",
              "fullTitle": "Adding an item to cart should login with a valid user",
              "timedOut": null,
              "duration": 2461,
              "state": "passed",
              "speed": "fast",
              "pass": true,
              "fail": false,
              "pending": false,
              "context": null,
              "code": "_login.default.login('standard_user', 'secret_sauce');\ncy.get(_login.default.inventoryList).should('be.visible');",
              "err": {},
              "uuid": "87489673-b9e3-49ff-ac17-7b56670bc9a9",
              "parentUUID": "01948901-9581-4b31-9608-e02bde788621",
              "isHook": false,
              "skipped": false
            },
            {
              "title": "should add Sauce Labs Bolt T-shirt item to cart",
              "fullTitle": "Adding an item to cart should add Sauce Labs Bolt T-shirt item to cart",
              "timedOut": null,
              "duration": 4756,
              "state": "failed",
              "speed": null,
              "pass": false,
              "fail": true,
              "pending": false,
              "context": null,
              "code": "_addToCart.default.addCart();\ncy.get(_addToCart.default.cartIcon).should('have.text', 1); // cy.get(addToCart.removeSauceLabBoltButton).should('be.visible')\ncy.get(_addToCart.default.cartItemName).should('have.text', 'Sauce Labs Bolt T-shirt');",
              "err": {
                "message": "AssertionError: Timed out retrying after 4000ms: Expected to find element: `a[id= item_1_title_link] div[class= inventory_item_name]`, but never found it.",
                "estack": "AssertionError: Timed out retrying after 4000ms: Expected to find element: `a[id= item_1_title_link] div[class= inventory_item_name]`, but never found it.\n    at addToCart.addCart (webpack:///./cypress/page-objects/addToCart.js:23:30)\n    at Context.eval (webpack:///./cypress/test-files/addToCartOneItem.cy.js:14:18)",
                "diff": null
              },
              "uuid": "3c2c0cf6-4e70-4dcd-8960-2be06d4efa68",
              "parentUUID": "01948901-9581-4b31-9608-e02bde788621",
              "isHook": false,
              "skipped": false
            }
          ],
          "suites": [],
          "passes": [
            "87489673-b9e3-49ff-ac17-7b56670bc9a9"
          ],
          "failures": [
            "3c2c0cf6-4e70-4dcd-8960-2be06d4efa68"
          ],
          "pending": [],
          "skipped": [],
          "duration": 7217,
          "root": false,
          "rootEmpty": false,
          "_timeout": 2000
        }
      ],
      "passes": [],
      "failures": [],
      "pending": [],
      "skipped": [],
      "duration": 0,
      "root": true,
      "rootEmpty": true,
      "_timeout": 2000
    }
  ],
  "meta": {
    "mocha": {
      "version": "7.0.1"
    },
    "mochawesome": {
      "options": {
        "quiet": false,
        "reportFilename": "mochawesome",
        "saveHtml": false,
        "saveJson": true,
        "consoleReporter": "spec",
        "useInlineDiffs": false,
        "code": true
      },
      "version": "7.1.3"
    },
    "marge": {
      "options": {
        "reportDir": "cypress/reports",
        "overwrite": false,
        "html": false,
        "json": true
      },
      "version": "6.2.0"
    }
  }
}