{
  "stats": {
    "suites": 1,
    "tests": 2,
    "passes": 2,
    "pending": 0,
    "failures": 0,
    "start": "2022-12-06T22:19:13.434Z",
    "end": "2022-12-06T22:19:16.389Z",
    "duration": 2955,
    "testsRegistered": 2,
    "passPercent": 100,
    "pendingPercent": 0,
    "other": 0,
    "hasOther": false,
    "skipped": 0,
    "hasSkipped": false
  },
  "results": [
    {
      "uuid": "a9f8902a-204e-4b3f-bcc4-edc5b182e044",
      "title": "",
      "fullFile": "cypress\\test-files\\removeItems.cy.js",
      "file": "cypress\\test-files\\removeItems.cy.js",
      "beforeHooks": [],
      "afterHooks": [],
      "tests": [],
      "suites": [
        {
          "uuid": "516c7dbe-5936-4776-8f6f-3a4339e1b26a",
          "title": "Removing an item",
          "fullFile": "",
          "file": "",
          "beforeHooks": [],
          "afterHooks": [],
          "tests": [
            {
              "title": "should remove Sauce Labs Bolt T-shirt from the cart",
              "fullTitle": "Removing an item should remove Sauce Labs Bolt T-shirt from the cart",
              "timedOut": null,
              "duration": 1522,
              "state": "passed",
              "speed": "fast",
              "pass": true,
              "fail": false,
              "pending": false,
              "context": null,
              "code": "_login.default.login('standard_user', 'secret_sauce');\ncy.get(_login.default.inventoryList).should('be.visible');\n_addToCart.default.addCart();\ncy.get(_addToCart.default.cartNumber).should('have.text', 1);\ncy.get(_addToCart.default.removeSauceLabBoltButton).should('be.visible');\ncy.get(_addToCart.default.cartItemName).should('have.text', 'Sauce Labs Bolt T-Shirt');\n_addToCart.default.removeItemFromCart();\ncy.get(_addToCart.default.cartItemName).should('not.exist');",
              "err": {},
              "uuid": "07b507ec-0736-40b2-a108-a1de67df995c",
              "parentUUID": "516c7dbe-5936-4776-8f6f-3a4339e1b26a",
              "isHook": false,
              "skipped": false
            },
            {
              "title": "should remove Sauce Labs Bolt T-shirt from the product page",
              "fullTitle": "Removing an item should remove Sauce Labs Bolt T-shirt from the product page",
              "timedOut": null,
              "duration": 1397,
              "state": "passed",
              "speed": "fast",
              "pass": true,
              "fail": false,
              "pending": false,
              "context": null,
              "code": "_login.default.login('standard_user', 'secret_sauce');\ncy.get(_login.default.inventoryList).should('be.visible');\n_addToCart.default.removeItemFromProductPage();\ncy.get(_addToCart.default.addCartButton).should('be.visible');\n_addToCart.default.navigateToCart();\ncy.get(_addToCart.default.cartItemName).should('not.exist');",
              "err": {},
              "uuid": "5c3ac3a7-0abb-4ac2-b5a3-941ce2349799",
              "parentUUID": "516c7dbe-5936-4776-8f6f-3a4339e1b26a",
              "isHook": false,
              "skipped": false
            }
          ],
          "suites": [],
          "passes": [
            "07b507ec-0736-40b2-a108-a1de67df995c",
            "5c3ac3a7-0abb-4ac2-b5a3-941ce2349799"
          ],
          "failures": [],
          "pending": [],
          "skipped": [],
          "duration": 2919,
          "root": false,
          "rootEmpty": false,
          "_timeout": 2000
        }
      ],
      "passes": [],
      "failures": [],
      "pending": [],
      "skipped": [],
      "duration": 0,
      "root": true,
      "rootEmpty": true,
      "_timeout": 2000
    }
  ],
  "meta": {
    "mocha": {
      "version": "7.0.1"
    },
    "mochawesome": {
      "options": {
        "quiet": false,
        "reportFilename": "mochawesome",
        "saveHtml": false,
        "saveJson": true,
        "consoleReporter": "spec",
        "useInlineDiffs": false,
        "code": true
      },
      "version": "7.1.3"
    },
    "marge": {
      "options": {
        "reportDir": "cypress/reports",
        "overwrite": false,
        "html": false,
        "json": true
      },
      "version": "6.2.0"
    }
  }
}