{
  "stats": {
    "suites": 1,
    "tests": 2,
    "passes": 2,
    "pending": 0,
    "failures": 0,
    "start": "2022-12-06T22:17:39.736Z",
    "end": "2022-12-06T22:17:42.712Z",
    "duration": 2976,
    "testsRegistered": 2,
    "passPercent": 100,
    "pendingPercent": 0,
    "other": 0,
    "hasOther": false,
    "skipped": 0,
    "hasSkipped": false
  },
  "results": [
    {
      "uuid": "30dc328c-7b38-4449-a15b-deed50bd6d19",
      "title": "",
      "fullFile": "cypress\\test-files\\removeItems.cy.js",
      "file": "cypress\\test-files\\removeItems.cy.js",
      "beforeHooks": [],
      "afterHooks": [],
      "tests": [],
      "suites": [
        {
          "uuid": "58337ea0-4cd9-42c0-b269-0aabfa6d6f7f",
          "title": "Removing an item",
          "fullFile": "",
          "file": "",
          "beforeHooks": [],
          "afterHooks": [],
          "tests": [
            {
              "title": "should remove Sauce Labs Bolt T-shirt from the cart",
              "fullTitle": "Removing an item should remove Sauce Labs Bolt T-shirt from the cart",
              "timedOut": null,
              "duration": 1562,
              "state": "passed",
              "speed": "fast",
              "pass": true,
              "fail": false,
              "pending": false,
              "context": null,
              "code": "_login.default.login('standard_user', 'secret_sauce');\ncy.get(_login.default.inventoryList).should('be.visible');\n_addToCart.default.addCart();\ncy.get(_addToCart.default.cartNumber).should('have.text', 1);\ncy.get(_addToCart.default.removeSauceLabBoltButton).should('be.visible');\ncy.get(_addToCart.default.cartItemName).should('have.text', 'Sauce Labs Bolt T-Shirt');\n_addToCart.default.removeItemFromCart();\ncy.get(_addToCart.default.cartItemName).should('not.exist');",
              "err": {},
              "uuid": "479117e5-9a86-493b-b0c1-227b0db39982",
              "parentUUID": "58337ea0-4cd9-42c0-b269-0aabfa6d6f7f",
              "isHook": false,
              "skipped": false
            },
            {
              "title": "should remove Sauce Labs Bolt T-shirt from the product page",
              "fullTitle": "Removing an item should remove Sauce Labs Bolt T-shirt from the product page",
              "timedOut": null,
              "duration": 1345,
              "state": "passed",
              "speed": "fast",
              "pass": true,
              "fail": false,
              "pending": false,
              "context": null,
              "code": "_login.default.login('standard_user', 'secret_sauce');\ncy.get(_login.default.inventoryList).should('be.visible');\n_addToCart.default.removeItemFromProductPage();\ncy.get(_addToCart.default.addCartButton).should('be.visible');\n_addToCart.default.navigateToCart();\ncy.get(_addToCart.default.cartItemName).should('not.exist');",
              "err": {},
              "uuid": "a9ee427f-82fc-4add-8bf9-76322d4d7c6c",
              "parentUUID": "58337ea0-4cd9-42c0-b269-0aabfa6d6f7f",
              "isHook": false,
              "skipped": false
            }
          ],
          "suites": [],
          "passes": [
            "479117e5-9a86-493b-b0c1-227b0db39982",
            "a9ee427f-82fc-4add-8bf9-76322d4d7c6c"
          ],
          "failures": [],
          "pending": [],
          "skipped": [],
          "duration": 2907,
          "root": false,
          "rootEmpty": false,
          "_timeout": 2000
        }
      ],
      "passes": [],
      "failures": [],
      "pending": [],
      "skipped": [],
      "duration": 0,
      "root": true,
      "rootEmpty": true,
      "_timeout": 2000
    }
  ],
  "meta": {
    "mocha": {
      "version": "7.0.1"
    },
    "mochawesome": {
      "options": {
        "quiet": false,
        "reportFilename": "mochawesome",
        "saveHtml": false,
        "saveJson": true,
        "consoleReporter": "spec",
        "useInlineDiffs": false,
        "code": true
      },
      "version": "7.1.3"
    },
    "marge": {
      "options": {
        "reportDir": "cypress/reports",
        "overwrite": false,
        "html": false,
        "json": true
      },
      "version": "6.2.0"
    }
  }
}