{
  "stats": {
    "suites": 1,
    "tests": 3,
    "passes": 3,
    "pending": 0,
    "failures": 0,
    "start": "2022-11-30T01:43:55.105Z",
    "end": "2022-11-30T01:43:59.036Z",
    "duration": 3931,
    "testsRegistered": 3,
    "passPercent": 100,
    "pendingPercent": 0,
    "other": 0,
    "hasOther": false,
    "skipped": 0,
    "hasSkipped": false
  },
  "results": [
    {
      "uuid": "9efa081d-a81e-4b11-92c6-dd3935924325",
      "title": "",
      "fullFile": "cypress\\test-files\\login.cy.js",
      "file": "cypress\\test-files\\login.cy.js",
      "beforeHooks": [],
      "afterHooks": [],
      "tests": [],
      "suites": [
        {
          "uuid": "017c041e-295f-4e0e-ab3b-0342527deeae",
          "title": "loginPage",
          "fullFile": "",
          "file": "",
          "beforeHooks": [],
          "afterHooks": [],
          "tests": [
            {
              "title": "should login with a valid user",
              "fullTitle": "loginPage should login with a valid user",
              "timedOut": null,
              "duration": 1612,
              "state": "passed",
              "speed": "fast",
              "pass": true,
              "fail": false,
              "pending": false,
              "context": null,
              "code": "_login.default.login('standard_user', 'secret_sauce');\ncy.get(_login.default.inventoryList).should('be.visible');",
              "err": {},
              "uuid": "d9626b4c-6349-4d13-be0c-08cf62b81dcc",
              "parentUUID": "017c041e-295f-4e0e-ab3b-0342527deeae",
              "isHook": false,
              "skipped": false
            },
            {
              "title": "should not login with an invalid user",
              "fullTitle": "loginPage should not login with an invalid user",
              "timedOut": null,
              "duration": 1141,
              "state": "passed",
              "speed": "fast",
              "pass": true,
              "fail": false,
              "pending": false,
              "context": null,
              "code": "_login.default.login('locked_out_user', 'secret_sauce'); // cy.get(loginPage.inventoryList).should('not.be.visible')",
              "err": {},
              "uuid": "2f2b4603-8a27-4653-9962-78be6063b7fb",
              "parentUUID": "017c041e-295f-4e0e-ab3b-0342527deeae",
              "isHook": false,
              "skipped": false
            },
            {
              "title": "should not login with an incorrect password",
              "fullTitle": "loginPage should not login with an incorrect password",
              "timedOut": null,
              "duration": 1124,
              "state": "passed",
              "speed": "fast",
              "pass": true,
              "fail": false,
              "pending": false,
              "context": null,
              "code": "_login.default.login('locked_out_user', '$ecret$auce'); // cy.get(loginPage.inventoryList).should('be.visible')",
              "err": {},
              "uuid": "70401722-7c5c-4b5c-add7-e729b3869b82",
              "parentUUID": "017c041e-295f-4e0e-ab3b-0342527deeae",
              "isHook": false,
              "skipped": false
            }
          ],
          "suites": [],
          "passes": [
            "d9626b4c-6349-4d13-be0c-08cf62b81dcc",
            "2f2b4603-8a27-4653-9962-78be6063b7fb",
            "70401722-7c5c-4b5c-add7-e729b3869b82"
          ],
          "failures": [],
          "pending": [],
          "skipped": [],
          "duration": 3877,
          "root": false,
          "rootEmpty": false,
          "_timeout": 2000
        }
      ],
      "passes": [],
      "failures": [],
      "pending": [],
      "skipped": [],
      "duration": 0,
      "root": true,
      "rootEmpty": true,
      "_timeout": 2000
    }
  ],
  "meta": {
    "mocha": {
      "version": "7.0.1"
    },
    "mochawesome": {
      "options": {
        "quiet": false,
        "reportFilename": "mochawesome",
        "saveHtml": false,
        "saveJson": true,
        "consoleReporter": "spec",
        "useInlineDiffs": false,
        "code": true
      },
      "version": "7.1.3"
    },
    "marge": {
      "options": {
        "reportDir": "cypress/reports",
        "overwrite": false,
        "html": false,
        "json": true
      },
      "version": "6.2.0"
    }
  }
}