{
  "stats": {
    "suites": 1,
    "tests": 3,
    "passes": 3,
    "pending": 0,
    "failures": 0,
    "start": "2022-11-30T01:02:45.290Z",
    "end": "2022-11-30T01:02:49.099Z",
    "duration": 3809,
    "testsRegistered": 3,
    "passPercent": 100,
    "pendingPercent": 0,
    "other": 0,
    "hasOther": false,
    "skipped": 0,
    "hasSkipped": false
  },
  "results": [
    {
      "uuid": "6d6751a3-cca4-4074-a434-6f44f9b401e4",
      "title": "",
      "fullFile": "cypress\\test-files\\login.cy.js",
      "file": "cypress\\test-files\\login.cy.js",
      "beforeHooks": [],
      "afterHooks": [],
      "tests": [],
      "suites": [
        {
          "uuid": "fc4f20b9-ff01-4519-8938-5cd538e818ba",
          "title": "loginPage",
          "fullFile": "",
          "file": "",
          "beforeHooks": [],
          "afterHooks": [],
          "tests": [
            {
              "title": "should login with a valid user",
              "fullTitle": "loginPage should login with a valid user",
              "timedOut": null,
              "duration": 1591,
              "state": "passed",
              "speed": "fast",
              "pass": true,
              "fail": false,
              "pending": false,
              "context": null,
              "code": "_login.default.login('standard_user', 'secret_sauce');\ncy.get(_login.default.inventoryList).should('be.visible');",
              "err": {},
              "uuid": "d60d16c2-5230-4088-8808-4804bb4bcfa8",
              "parentUUID": "fc4f20b9-ff01-4519-8938-5cd538e818ba",
              "isHook": false,
              "skipped": false
            },
            {
              "title": "should not login with an invalid user",
              "fullTitle": "loginPage should not login with an invalid user",
              "timedOut": null,
              "duration": 1148,
              "state": "passed",
              "speed": "fast",
              "pass": true,
              "fail": false,
              "pending": false,
              "context": null,
              "code": "_login.default.login('locked_out_user', 'secret_sauce'); // cy.get(loginPage.inventoryList).should('be.visible')",
              "err": {},
              "uuid": "88a2ceb7-053d-4947-be8f-4615c3707e73",
              "parentUUID": "fc4f20b9-ff01-4519-8938-5cd538e818ba",
              "isHook": false,
              "skipped": false
            },
            {
              "title": "should not login with an incorrect password",
              "fullTitle": "loginPage should not login with an incorrect password",
              "timedOut": null,
              "duration": 1019,
              "state": "passed",
              "speed": "fast",
              "pass": true,
              "fail": false,
              "pending": false,
              "context": null,
              "code": "_login.default.login('locked_out_user', '$ecret$auce'); // cy.get(loginPage.inventoryList).should('be.visible')",
              "err": {},
              "uuid": "4fd8cd1f-19eb-4264-a6eb-1c18a1a6e8b4",
              "parentUUID": "fc4f20b9-ff01-4519-8938-5cd538e818ba",
              "isHook": false,
              "skipped": false
            }
          ],
          "suites": [],
          "passes": [
            "d60d16c2-5230-4088-8808-4804bb4bcfa8",
            "88a2ceb7-053d-4947-be8f-4615c3707e73",
            "4fd8cd1f-19eb-4264-a6eb-1c18a1a6e8b4"
          ],
          "failures": [],
          "pending": [],
          "skipped": [],
          "duration": 3758,
          "root": false,
          "rootEmpty": false,
          "_timeout": 2000
        }
      ],
      "passes": [],
      "failures": [],
      "pending": [],
      "skipped": [],
      "duration": 0,
      "root": true,
      "rootEmpty": true,
      "_timeout": 2000
    }
  ],
  "meta": {
    "mocha": {
      "version": "7.0.1"
    },
    "mochawesome": {
      "options": {
        "quiet": false,
        "reportFilename": "mochawesome",
        "saveHtml": false,
        "saveJson": true,
        "consoleReporter": "spec",
        "useInlineDiffs": false,
        "code": true
      },
      "version": "7.1.3"
    },
    "marge": {
      "options": {
        "reportDir": "cypress/reports",
        "overwrite": false,
        "html": false,
        "json": true
      },
      "version": "6.2.0"
    }
  }
}